=============================================
#                  args                     #
=============================================
{'B': 800,
 'M': 110,
 'N': 8,
 'alpha': 0.64000000000000001,
 'beta': 30.0,
 'h_max': 4,
 'p_min': 50.0,
 'p_th': 0.01,
 'size': (300, 300),
 'sp_max': 0.20000000000000001,
 'sp_min': 0.10000000000000001,
 'times': 10,
 'worker': 10}
=============================================
#            candidate chargers             #
=============================================
8 chargers generated:
[(0, 156, 237),
 (1, 14, 164),
 (2, 151, 35),
 (3, 264, 171),
 (4, 154, 59),
 (5, 190, 142),
 (6, 285, 102),
 (7, 76, 213)]
=============================================
#                 sensors                   #
=============================================
110 sensors generated.
[(0, 27, 72),
 (1, 159, 172),
 (2, 165, 296),
 (3, 111, 115),
 (4, 161, 275),
 (5, 80, 102),
 (6, 294, 73),
 (7, 43, 291),
 (8, 239, 10),
 (9, 253, 57),
 (10, 243, 207),
 (11, 182, 22),
 (12, 107, 281),
 (13, 177, 300),
 (14, 229, 219),
 (15, 227, 234),
 (16, 191, 169),
 (17, 265, 295),
 (18, 120, 239),
 (19, 278, 70),
 (20, 212, 155),
 (21, 129, 207),
 (22, 149, 2),
 (23, 124, 33),
 (24, 243, 156),
 (25, 235, 174),
 (26, 180, 229),
 (27, 52, 80),
 (28, 142, 295),
 (29, 168, 124),
 (30, 43, 136),
 (31, 56, 146),
 (32, 114, 139),
 (33, 234, 54),
 (34, 227, 31),
 (35, 56, 270),
 (36, 180, 241),
 (37, 113, 251),
 (38, 95, 282),
 (39, 80, 214),
 (40, 278, 19),
 (41, 198, 140),
 (42, 208, 20),
 (43, 274, 272),
 (44, 66, 191),
 (45, 130, 219),
 (46, 208, 87),
 (47, 41, 148),
 (48, 183, 224),
 (49, 257, 79),
 (50, 246, 276),
 (51, 195, 299),
 (52, 9, 266),
 (53, 140, 258),
 (54, 15, 50),
 (55, 71, 154),
 (56, 130, 240),
 (57, 160, 117),
 (58, 145, 21),
 (59, 131, 124),
 (60, 55, 232),
 (61, 281, 189),
 (62, 194, 11),
 (63, 50, 213),
 (64, 225, 52),
 (65, 224, 83),
 (66, 203, 265),
 (67, 7, 39),
 (68, 26, 295),
 (69, 121, 267),
 (70, 187, 163),
 (71, 243, 27),
 (72, 294, 190),
 (73, 2, 288),
 (74, 25, 2),
 (75, 90, 162),
 (76, 291, 249),
 (77, 277, 141),
 (78, 190, 130),
 (79, 139, 248),
 (80, 211, 219),
 (81, 221, 37),
 (82, 141, 288),
 (83, 232, 42),
 (84, 116, 233),
 (85, 253, 72),
 (86, 127, 267),
 (87, 107, 35),
 (88, 10, 19),
 (89, 28, 278),
 (90, 300, 107),
 (91, 250, 282),
 (92, 24, 228),
 (93, 206, 123),
 (94, 298, 204),
 (95, 123, 70),
 (96, 80, 87),
 (97, 148, 241),
 (98, 180, 218),
 (99, 261, 40),
 (100, 202, 283),
 (101, 219, 186),
 (102, 113, 22),
 (103, 1, 186),
 (104, 132, 280),
 (105, 72, 239),
 (106, 120, 279),
 (107, 216, 106),
 (108, 106, 261),
 (109, 200, 166)]
=============================================
#                sensor's P                 #
=============================================
110 sensor's P generated.
[0.10765123111545284,
 0.18845000364971504,
 0.10448593894558628,
 0.13328150135894959,
 0.13822959638434365,
 0.11156638965061617,
 0.17211149043266971,
 0.14682333252124924,
 0.18955570886566628,
 0.11918322691963512,
 0.15826604425593976,
 0.11258698606343423,
 0.19707494948123458,
 0.15069677322619732,
 0.17771695437426294,
 0.13326167551904675,
 0.19764665210569798,
 0.17282297824073287,
 0.19418538267837088,
 0.16751084247408921,
 0.10467933051264099,
 0.16854308511094673,
 0.16143025488214713,
 0.1861184761187939,
 0.17730063353355735,
 0.19655233792018406,
 0.18653760796256319,
 0.18112049235530303,
 0.13074738829786769,
 0.18991071911480772,
 0.12398094983855823,
 0.1263247032314139,
 0.15563036995732479,
 0.12828396118190652,
 0.18915175684955834,
 0.11532499506941979,
 0.1063762615948792,
 0.1606310043809529,
 0.16656930696848032,
 0.1836712924085126,
 0.15715672430710387,
 0.1211383944357618,
 0.17862010102818746,
 0.1485513335658423,
 0.18492051049742192,
 0.15902682888389669,
 0.16232283682421153,
 0.13947904357013111,
 0.11957735609177383,
 0.13098363633697058,
 0.19119079825138965,
 0.16065151228182484,
 0.11169907513443222,
 0.19457392807085183,
 0.19974514345087768,
 0.11425430216246681,
 0.13868660299808147,
 0.12318022505157765,
 0.14738468181771541,
 0.122319839480349=============================================
#                  args                     #
=============================================
{'B': 800,
 'M': 110,
 'N': 8,
 'alpha': 0.64000000000000001,
 'beta': 30.0,
 'h_max': 4,
 'p_min': 50.0,
 'p_th': 0.01,
 'size': (300, 300),
 'sp_max': 0.20000000000000001,
 'sp_min': 0.10000000000000001,
 'times': 10,
 'worker': 10}
=============================================
#            candidate chargers             #
=============================================
8 chargers generated:
[(0, 277, 211),
 (1, 131, 105),
 (2, 21, 103),
 (3, 28, 199),
 (4, 219, 134),
 (5, 51, 262),
 (6, 255, 142),
 (7, 88, 241)]
=============================================
#                 sensors                   #
=============================================
110 sensors generated.
[(0, 78, 151),
 (1, 30, 10),
 (2, 286, 82),
 (3, 202, 147),
 (4, 183, 294),
 (5, 170, 81),
 (6, 238, 272),
 (7, 57, 33),
 (8, 243, 288),
 (9, 220, 255),
 (10, 280, 81),
 (11, 246, 147),
 (12, 19, 71),
 (13, 29, 267),
 (14, 210, 142),
 (15, 253, 56),
 (16, 95, 62),
 (17, 88, 71),
 (18, 217, 93),
 (19, 296, 17),
 (20, 293, 224),
 (21, 280, 80),
 (22, 180, 124),
 (23, 71, 155),
 (24, 167, 142),
 (25, 274, 281),
 (26, 166, 151),
 (27, 168, 194),
 (28, 215, 242),
 (29, 206, 33),
 (30, 66, 123),
 (31, 20, 224),
 (32, 5, 193),
 (33, 173, 187),
 (34, 71, 210),
 (35, 274, 76),
 (36, 168, 258),
 (37, 2, 112),
 (38, 128, 246),
 (39, 101, 137),
 (40, 155, 287),
 (41, 255, 143),
 (42, 97, 128),
 (43, 283, 144),
 (44, 286, 272),
 (45, 227, 82),
 (46, 141, 104),
 (47, 219, 120),
 (48, 105, 66),
 (49, 116, 190),
 (50, 194, 47),
 (51, 112, 108),
 (52, 268, 202),
 (53, 246, 160),
 (54, 257, 184),
 (55, 33, 269),
 (56, 148, 129),
 (57, 167, 33),
 (58, 69, 128),
 (59, 68, 147),
 (60, 88, 114),
 (61, 190, 138),
 (62, 273, 238),
 (63, 242, 43),
 (64, 99, 71),
 (65, 246, 243),
 (66, 54, 170),
 (67, 51, 122),
 (68, 273, 39),
 (69, 150, 233),
 (70, 251, 53),
 (71, 106, 58),
 (72, 35, 122),
 (73, 126, 88),
 (74, 125, 265),
 (75, 264, 241),
 (76, 75, 207),
 (77, 141, 191),
 (78, 121, 172),
 (79, 137, 46),
 (80, 212, 216),
 (81, 51, 270),
 (82, 251, 60),
 (83, 110, 132),
 (84, 268, 182),
 (85, 215, 52),
 (86, 291, 63),
 (87, 156, 100),
 (88, 246, 229),
 (89, 114, 133),
 (90, 119, 98),
 (91, 267, 128),
 (92, 234, 273),
 (93, 68, 271),
 (94, 207, 57),
 (95, 118, 286),
 (96, 79, 79),
 (97, 298, 67),
 (98, 5, 2),
 (99, 116, 271),
 (100, 196, 281),
 (101, 12, 192),
 (102, 130, 278),
 (103, 60, 267),
 (104, 50, 52),
 (105, 159, 76),
 (106, 199, 256),
 (107, 102, 140),
 (108, 23, 203),
 (109, 30, 291)]
=============================================
#                sensor's P                 #
=============================================
110 sensor's P generated.
[0.10196650192284147,
 0.19703315410669597,
 0.12181017926205101,
 0.19381799580775444,
 0.16754842691944821,
 0.17965584217528599,
 0.14039451471094161,
 0.14729958649213371,
 0.12737198445872644,
 0.13662779548502962,
 0.16362136398459592,
 0.12726739015318567,
 0.10576425790932623,
 0.15043254263806549,
 0.13837258234561836,
 0.18561485089260715,
 0.13360156261809189,
 0.19209258776319632,
 0.10433466878931187,
 0.12451752413853728,
 0.15114651062437864,
 0.13489337342116986,
 0.15373498896493623,
 0.15581810211133351,
 0.12058989818451893,
 0.17757628361549915,
 0.19074919851783875,
 0.11999915954191934,
 0.16840218897380116,
 0.11760500587126545,
 0.19487068979126765,
 0.13132906278673548,
 0.19625079533523504,
 0.1414282722451515,
 0.13175276323121923,
 0.13667748487506615,
 0.18000222057767523,
 0.14711785763902641,
 0.16591706175357557,
 0.13609945080451566,
 0.16064949420086727,
 0.13801526060563751,
 0.19116265261582535,
 0.1638947604769031,
 0.13623283449163953,
 0.16731914866934111,
 0.15101142062558379,
 0.14922970799922167,
 0.12616087511192259,
 0.18948512833148529,
 0.17027968490721518,
 0.18410902637499688,
 0.12005956632185559,
 0.15733108206050439,
 0.18398292621796941,
 0.12566796796045368,
 0.12223179291049663,
 0.11057470485194509,
 0.11218696975100774,
 0.1817456596656150=============================================
#                  args                     #
=============================================
{'B': 800,
 'M': 110,
 'N': 8,
 'alpha': 0.64000000000000001,
 'beta': 30.0,
 'h_max': 4,
 'p_min': 50.0,
 'p_th': 0.01,
 'size': (300, 300),
 'sp_max': 0.20000000000000001,
 'sp_min': 0.10000000000000001,
 'times': 10,
 'worker': 10}
=============================================
#            candidate chargers             #
=============================================
8 chargers generated:
[(0, 201, 280),
 (1, 153, 291),
 (2, 164, 292),
 (3, 241, 50),
 (4, 225, 165),
 (5, 83, 244),
 (6, 100, 153),
 (7, 36, 283)]
=============================================
#                 sensors                   #
=============================================
110 sensors generated.
[(0, 84, 254),
 (1, 283, 203),
 (2, 169, 190),
 (3, 200, 151),
 (4, 274, 218),
 (5, 251, 291),
 (6, 34, 230),
 (7, 298, 285),
 (8, 193, 266),
 (9, 77, 72),
 (10, 113, 36),
 (11, 139, 220),
 (12, 277, 277),
 (13, 34, 138),
 (14, 167, 169),
 (15, 116, 103),
 (16, 271, 57),
 (17, 144, 190),
 (18, 39, 122),
 (19, 288, 134),
 (20, 58, 251),
 (21, 268, 272),
 (22, 59, 161),
 (23, 283, 102),
 (24, 154, 155),
 (25, 206, 233),
 (26, 112, 27),
 (27, 43, 119),
 (28, 58, 294),
 (29, 176, 219),
 (30, 298, 19),
 (31, 269, 112),
 (32, 205, 54),
 (33, 71, 142),
 (34, 196, 86),
 (35, 281, 193),
 (36, 188, 294),
 (37, 89, 107),
 (38, 283, 167),
 (39, 53, 34),
 (40, 278, 165),
 (41, 62, 117),
 (42, 163, 274),
 (43, 241, 235),
 (44, 201, 16),
 (45, 224, 66),
 (46, 124, 282),
 (47, 192, 204),
 (48, 161, 13),
 (49, 135, 225),
 (50, 197, 285),
 (51, 54, 202),
 (52, 127, 257),
 (53, 25, 242),
 (54, 209, 17),
 (55, 128, 0),
 (56, 58, 86),
 (57, 144, 174),
 (58, 300, 77),
 (59, 123, 38),
 (60, 11, 212),
 (61, 183, 21),
 (62, 36, 35),
 (63, 97, 105),
 (64, 274, 21),
 (65, 122, 66),
 (66, 62, 259),
 (67, 166, 31),
 (68, 225, 242),
 (69, 33, 264),
 (70, 5, 19),
 (71, 171, 49),
 (72, 134, 234),
 (73, 219, 108),
 (74, 127, 4),
 (75, 29, 69),
 (76, 294, 139),
 (77, 203, 184),
 (78, 254, 23),
 (79, 135, 210),
 (80, 291, 64),
 (81, 29, 258),
 (82, 25, 108),
 (83, 80, 9),
 (84, 20, 75),
 (85, 153, 288),
 (86, 288, 200),
 (87, 271, 29),
 (88, 205, 282),
 (89, 70, 31),
 (90, 202, 127),
 (91, 183, 76),
 (92, 93, 160),
 (93, 17, 77),
 (94, 146, 253),
 (95, 55, 278),
 (96, 233, 62),
 (97, 96, 54),
 (98, 4, 123),
 (99, 70, 110),
 (100, 56, 125),
 (101, 204, 240),
 (102, 240, 293),
 (103, 9, 118),
 (104, 127, 275),
 (105, 148, 235),
 (106, 137, 55),
 (107, 183, 37),
 (108, 224, 125),
 (109, 127, 40)]
=============================================
#                sensor's P                 #
=============================================
110 sensor's P generated.
[0.11496577029819979,
 0.17990232119391183,
 0.14098142763902188,
 0.10997529695996633,
 0.17427737078820693,
 0.10463299490485926,
 0.10897074942688524,
 0.17672533143792013,
 0.10466766215155052,
 0.11709443153320878,
 0.18633551235541784,
 0.17541975042387159,
 0.1955928817249446,
 0.15298972906892463,
 0.12945596186094682,
 0.12622606168506065,
 0.18081815839333615,
 0.1643930938197008,
 0.11953020148921269,
 0.16279196508635974,
 0.10167494578487377,
 0.17520239800637116,
 0.14411580053067352,
 0.13836237287004521,
 0.1890743360725145,
 0.17932110191585404,
 0.11706040743213192,
 0.11822250910074079,
 0.17071467282943703,
 0.1170241934081688,
 0.13042513211334411,
 0.18233026453948881,
 0.12159355980674463,
 0.19273508291758801,
 0.17809944166788663,
 0.12886495153308911,
 0.12700425918891928,
 0.10753050743743547,
 0.12339487342941319,
 0.17189622080454869,
 0.11557292805344405,
 0.19702798608694821,
 0.16656769328685755,
 0.14518341110767738,
 0.14538888337106315,
 0.1858600821030377,
 0.18061457283425125,
 0.17514006026214146,
 0.13943396847537876,
 0.18263713443109691,
 0.1582602020789638,
 0.16736342367788226,
 0.1919839465130147,
 0.13357455811132485,
 0.16232979750874424,
 0.15118325071616218,
 0.11932823525875616,
 0.10805047367931697,
 0.1614254535183714,
 0.10147268772827411,
 0.17862339=============================================
#                  args                     #
=============================================
{'B': 800,
 'M': 110,
 'N': 8,
 'alpha': 0.64000000000000001,
 'beta': 30.0,
 'h_max': 4,
 'p_min': 50.0,
 'p_th': 0.01,
 'size': (300, 300),
 'sp_max': 0.20000000000000001,
 'sp_min': 0.10000000000000001,
 'times': 10,
 'worker': 10}
=============================================
#            candidate chargers             #
=============================================
8 chargers generated:
[(0, 259, 258),
 (1, 202, 268),
 (2, 284, 110),
 (3, 140, 293),
 (4, 155, 219),
 (5, 184, 58),
 (6, 116, 143),
 (7, 236, 293)]
=============================================
#                 sensors                   #
=============================================
110 sensors generated.
[(0, 143, 200),
 (1, 108, 215),
 (2, 15, 239),
 (3, 13, 69),
 (4, 269, 70),
 (5, 112, 36),
 (6, 198, 112),
 (7, 185, 15),
 (8, 132, 294),
 (9, 20, 220),
 (10, 13, 260),
 (11, 200, 259),
 (12, 295, 168),
 (13, 84, 221),
 (14, 217, 34),
 (15, 57, 111),
 (16, 163, 179),
 (17, 92, 34),
 (18, 42, 23),
 (19, 225, 177),
 (20, 273, 246),
 (21, 179, 113),
 (22, 48, 94),
 (23, 5, 194),
 (24, 243, 97),
 (25, 8, 161),
 (26, 236, 216),
 (27, 95, 63),
 (28, 78, 56),
 (29, 168, 144),
 (30, 80, 89),
 (31, 214, 15),
 (32, 254, 210),
 (33, 167, 126),
 (34, 236, 255),
 (35, 117, 282),
 (36, 141, 104),
 (37, 33, 45),
 (38, 251, 0),
 (39, 277, 264),
 (40, 242, 73),
 (41, 93, 220),
 (42, 126, 166),
 (43, 187, 28),
 (44, 236, 52),
 (45, 229, 40),
 (46, 163, 200),
 (47, 163, 149),
 (48, 268, 72),
 (49, 14, 247),
 (50, 48, 180),
 (51, 154, 108),
 (52, 180, 162),
 (53, 135, 54),
 (54, 96, 62),
 (55, 215, 80),
 (56, 193, 4),
 (57, 176, 43),
 (58, 202, 29),
 (59, 236, 97),
 (60, 219, 149),
 (61, 80, 176),
 (62, 267, 24),
 (63, 23, 184),
 (64, 166, 62),
 (65, 56, 219),
 (66, 288, 272),
 (67, 1, 271),
 (68, 207, 125),
 (69, 112, 297),
 (70, 182, 161),
 (71, 84, 123),
 (72, 110, 211),
 (73, 94, 30),
 (74, 258, 137),
 (75, 257, 170),
 (76, 110, 41),
 (77, 213, 185),
 (78, 78, 28),
 (79, 258, 294),
 (80, 92, 289),
 (81, 16, 218),
 (82, 204, 61),
 (83, 111, 15),
 (84, 291, 126),
 (85, 198, 18),
 (86, 69, 57),
 (87, 208, 297),
 (88, 237, 42),
 (89, 281, 184),
 (90, 275, 131),
 (91, 141, 168),
 (92, 142, 32),
 (93, 186, 17),
 (94, 260, 84),
 (95, 81, 191),
 (96, 179, 175),
 (97, 95, 130),
 (98, 142, 146),
 (99, 138, 204),
 (100, 296, 80),
 (101, 212, 102),
 (102, 169, 245),
 (103, 219, 76),
 (104, 8, 208),
 (105, 186, 195),
 (106, 13, 236),
 (107, 144, 6),
 (108, 221, 234),
 (109, 52, 80)]
=============================================
#                sensor's P                 #
=============================================
110 sensor's P generated.
[0.19061435703996024,
 0.16246361752201,
 0.13699016801517544,
 0.18678782380930961,
 0.17503292182400132,
 0.11516263897362027,
 0.13240983326133804,
 0.13620721065775754,
 0.19945410845084766,
 0.11561199641524027,
 0.11755025329458979,
 0.1863089828091288,
 0.17625698752615912,
 0.10701809072400809,
 0.14228093614125592,
 0.14951323567809172,
 0.16343488781015819,
 0.12899636358058836,
 0.19424560357466444,
 0.11858062249203503,
 0.13295780115080119,
 0.13481673376835049,
 0.133865840638942,
 0.17985712648295715,
 0.10494485389106355,
 0.11063560296945563,
 0.15886323118115464,
 0.12188813120230936,
 0.14849627776531235,
 0.13028035655767459,
 0.18380157758791196,
 0.17942798164998405,
 0.16713317331937139,
 0.18935434976973636,
 0.15065594300155211,
 0.17193793105490396,
 0.17699619657357907,
 0.18337766257899635,
 0.1426966032947504,
 0.16642142228496903,
 0.14014536355133747,
 0.15773037214543728,
 0.1535973114020345,
 0.1467558434503034,
 0.12263101791085301,
 0.11671641156525303,
 0.14972278637740533,
 0.10038297092403636,
 0.13552074140384252,
 0.1335295215346998,
 0.16296847072938159,
 0.16952212640115674,
 0.19305039008373132,
 0.1054072336868512,
 0.11556783163082951,
 0.18258958376710663,
 0.1521658041768269,
 0.16680061655402545,
 0.14981813323702453,
 0.11530680386841252,
 0.117596801418921=============================================
#                  args                     #
=============================================
{'B': 800,
 'M': 110,
 'N': 8,
 'alpha': 0.64000000000000001,
 'beta': 30.0,
 'h_max': 4,
 'p_min': 50.0,
 'p_th': 0.01,
 'size': (300, 300),
 'sp_max': 0.20000000000000001,
 'sp_min': 0.10000000000000001,
 'times': 10,
 'worker': 10}
=============================================
#            candidate chargers             #
=============================================
8 chargers generated:
[(0, 75, 163),
 (1, 3, 72),
 (2, 286, 142),
 (3, 278, 135),
 (4, 29, 105),
 (5, 153, 8),
 (6, 192, 70),
 (7, 102, 180)]
=============================================
#                 sensors                   #
=============================================
110 sensors generated.
[(0, 75, 62),
 (1, 291, 102),
 (2, 149, 96),
 (3, 280, 115),
 (4, 239, 45),
 (5, 49, 246),
 (6, 92, 90),
 (7, 261, 214),
 (8, 146, 189),
 (9, 300, 70),
 (10, 169, 265),
 (11, 269, 158),
 (12, 291, 179),
 (13, 291, 61),
 (14, 286, 76),
 (15, 210, 67),
 (16, 23, 44),
 (17, 22, 33),
 (18, 172, 139),
 (19, 74, 169),
 (20, 156, 116),
 (21, 10, 149),
 (22, 230, 199),
 (23, 71, 142),
 (24, 246, 244),
 (25, 15, 196),
 (26, 7, 54),
 (27, 92, 199),
 (28, 177, 180),
 (29, 201, 11),
 (30, 255, 171),
 (31, 202, 132),
 (32, 260, 235),
 (33, 8, 76),
 (34, 284, 92),
 (35, 52, 210),
 (36, 128, 132),
 (37, 236, 19),
 (38, 80, 128),
 (39, 123, 62),
 (40, 283, 1),
 (41, 257, 114),
 (42, 158, 294),
 (43, 254, 246),
 (44, 217, 155),
 (45, 286, 122),
 (46, 74, 106),
 (47, 230, 30),
 (48, 199, 214),
 (49, 131, 32),
 (50, 250, 245),
 (51, 289, 259),
 (52, 14, 71),
 (53, 196, 65),
 (54, 20, 219),
 (55, 167, 219),
 (56, 296, 53),
 (57, 273, 16),
 (58, 169, 169),
 (59, 45, 75),
 (60, 109, 58),
 (61, 197, 273),
 (62, 219, 216),
 (63, 192, 10),
 (64, 63, 242),
 (65, 190, 248),
 (66, 21, 236),
 (67, 89, 79),
 (68, 162, 46),
 (69, 6, 192),
 (70, 187, 245),
 (71, 37, 253),
 (72, 168, 204),
 (73, 232, 199),
 (74, 26, 33),
 (75, 140, 50),
 (76, 18, 273),
 (77, 62, 266),
 (78, 31, 184),
 (79, 25, 30),
 (80, 262, 64),
 (81, 233, 299),
 (82, 58, 286),
 (83, 246, 52),
 (84, 97, 221),
 (85, 112, 132),
 (86, 116, 33),
 (87, 1, 239),
 (88, 262, 64),
 (89, 294, 51),
 (90, 95, 166),
 (91, 72, 255),
 (92, 234, 149),
 (93, 105, 57),
 (94, 221, 45),
 (95, 90, 58),
 (96, 297, 169),
 (97, 172, 282),
 (98, 127, 196),
 (99, 225, 112),
 (100, 203, 7),
 (101, 122, 227),
 (102, 19, 140),
 (103, 19, 201),
 (104, 259, 258),
 (105, 117, 231),
 (106, 284, 265),
 (107, 219, 36),
 (108, 183, 27),
 (109, 114, 157)]
=============================================
#                sensor's P                 #
=============================================
110 sensor's P generated.
[0.17075489505278008,
 0.16670261431562611,
 0.1292664185269671,
 0.18180027733131496,
 0.17679627487628685,
 0.14183159711639351,
 0.12711787641160194,
 0.16468829878892094,
 0.1074129223905564,
 0.1824698769530457,
 0.18249454214649968,
 0.16692111744147703,
 0.15932526302199487,
 0.14397970880847497,
 0.187236000225871,
 0.1765961210047462,
 0.12096049402346319,
 0.15977977623734255,
 0.19324385127244359,
 0.19017406144227728,
 0.17516673565577218,
 0.10139632325528705,
 0.19624983981478414,
 0.1898022435816267,
 0.1062271224985889,
 0.16715109051604043,
 0.10956635918655298,
 0.18074107243512672,
 0.11492769817263424,
 0.14036805063148747,
 0.19708121842304227,
 0.14372641594900609,
 0.10355022223737309,
 0.17109984692384472,
 0.13263582332832186,
 0.15300115695952343,
 0.15099400116276468,
 0.12775412174825368,
 0.10516249544753552,
 0.10125968912242633,
 0.1902321703867163,
 0.16701803078954469,
 0.12443453020316077,
 0.16335365716127354,
 0.14888243151548899,
 0.18675634802533883,
 0.10558245912451134,
 0.13580994484752912,
 0.1185473276852762,
 0.19647229344418321,
 0.10370371569565111,
 0.15656164793735666,
 0.11482930387636266,
 0.11305872022152336,
 0.16612252886661735,
 0.13705768668308901,
 0.13625216105073076,
 0.11878140778338209,
 0.19150659094240033,
 0.16724837700247763,
 0.17617824571734597,
=============================================
#                  args                     #
=============================================
{'B': 800,
 'M': 110,
 'N': 8,
 'alpha': 0.64000000000000001,
 'beta': 30.0,
 'h_max': 4,
 'p_min': 50.0,
 'p_th': 0.01,
 'size': (300, 300),
 'sp_max': 0.20000000000000001,
 'sp_min': 0.10000000000000001,
 'times': 10,
 'worker': 10}
=============================================
#            candidate chargers             #
=============================================
8 chargers generated:
[(0, 283, 126),
 (1, 171, 72),
 (2, 274, 13),
 (3, 173, 252),
 (4, 291, 113),
 (5, 112, 189),
 (6, 91, 105),
 (7, 133, 25)]
=============================================
#                 sensors                   #
=============================================
110 sensors generated.
[(0, 50, 80),
 (1, 129, 170),
 (2, 71, 45),
 (3, 236, 289),
 (4, 285, 144),
 (5, 238, 258),
 (6, 142, 134),
 (7, 107, 72),
 (8, 188, 220),
 (9, 206, 262),
 (10, 0, 32),
 (11, 90, 114),
 (12, 6, 48),
 (13, 59, 115),
 (14, 167, 42),
 (15, 21, 274),
 (16, 176, 69),
 (17, 192, 78),
 (18, 300, 243),
 (19, 263, 133),
 (20, 226, 168),
 (21, 162, 160),
 (22, 273, 198),
 (23, 277, 178),
 (24, 221, 264),
 (25, 210, 273),
 (26, 280, 11),
 (27, 36, 54),
 (28, 209, 158),
 (29, 38, 121),
 (30, 165, 67),
 (31, 116, 235),
 (32, 194, 201),
 (33, 65, 69),
 (34, 195, 63),
 (35, 61, 5),
 (36, 241, 291),
 (37, 3, 9),
 (38, 45, 211),
 (39, 259, 51),
 (40, 285, 21),
 (41, 91, 101),
 (42, 109, 108),
 (43, 281, 59),
 (44, 216, 261),
 (45, 218, 201),
 (46, 121, 276),
 (47, 39, 125),
 (48, 33, 19),
 (49, 89, 3),
 (50, 189, 260),
 (51, 5, 234),
 (52, 190, 87),
 (53, 208, 57),
 (54, 57, 154),
 (55, 209, 64),
 (56, 157, 268),
 (57, 111, 103),
 (58, 297, 57),
 (59, 276, 293),
 (60, 282, 283),
 (61, 129, 16),
 (62, 243, 153),
 (63, 82, 191),
 (64, 187, 183),
 (65, 151, 155),
 (66, 220, 47),
 (67, 244, 127),
 (68, 272, 85),
 (69, 142, 297),
 (70, 61, 274),
 (71, 265, 125),
 (72, 181, 120),
 (73, 122, 157),
 (74, 142, 50),
 (75, 153, 135),
 (76, 33, 113),
 (77, 40, 251),
 (78, 89, 130),
 (79, 123, 170),
 (80, 103, 88),
 (81, 116, 170),
 (82, 137, 54),
 (83, 169, 23),
 (84, 256, 262),
 (85, 1, 82),
 (86, 49, 171),
 (87, 20, 79),
 (88, 149, 259),
 (89, 23, 57),
 (90, 167, 175),
 (91, 242, 24),
 (92, 139, 281),
 (93, 240, 90),
 (94, 278, 40),
 (95, 45, 146),
 (96, 276, 14),
 (97, 298, 163),
 (98, 101, 245),
 (99, 158, 123),
 (100, 226, 257),
 (101, 83, 73),
 (102, 119, 267),
 (103, 144, 61),
 (104, 176, 14),
 (105, 93, 12),
 (106, 66, 8),
 (107, 234, 170),
 (108, 45, 174),
 (109, 277, 270)]
=============================================
#                sensor's P                 #
=============================================
110 sensor's P generated.
[0.11004736459457237,
 0.12754967585203253,
 0.15431880645136073,
 0.17762848187593666,
 0.10589833005093378,
 0.10295704898791827,
 0.12653618105753511,
 0.1116682059631276,
 0.11554946815172978,
 0.12848204429306945,
 0.1048797318910389,
 0.14428697276395702,
 0.19857904701419241,
 0.15094053270492472,
 0.15136681849505035,
 0.19341331343936724,
 0.19073762908634365,
 0.16708778526704698,
 0.18136238836148799,
 0.16089789863945017,
 0.14544246997237792,
 0.11828469874640297,
 0.16041673688239383,
 0.13274951725823686,
 0.12167259272073921,
 0.13050155072829847,
 0.15406500394754499,
 0.16220462443528588,
 0.12168099537815978,
 0.16083170522768153,
 0.16898031349756035,
 0.10630184902226614,
 0.15856909518639872,
 0.12841067540505008,
 0.15435067126189672,
 0.16231188167890032,
 0.11891456071324717,
 0.18140838959788674,
 0.16457041529261598,
 0.1630814890287158,
 0.16746955190757898,
 0.17245200031963687,
 0.10562181361950132,
 0.17941283015738349,
 0.14120451816794072,
 0.14516392146700263,
 0.16221537140117678,
 0.1475520055543279,
 0.12358178456748797,
 0.14959141239280505,
 0.13813246030290752,
 0.13502194162839146,
 0.19432242602055025,
 0.19039414779277739,
 0.19007225407091252,
 0.1704146022470529,
 0.15035929346606156,
 0.1374088027661724,
 0.18985098072202983,
 0.11615507862313157,
 0.182159530452=============================================
#                  args                     #
=============================================
{'B': 800,
 'M': 110,
 'N': 8,
 'alpha': 0.64000000000000001,
 'beta': 30.0,
 'h_max': 4,
 'p_min': 50.0,
 'p_th': 0.01,
 'size': (300, 300),
 'sp_max': 0.20000000000000001,
 'sp_min': 0.10000000000000001,
 'times': 10,
 'worker': 10}
=============================================
#            candidate chargers             #
=============================================
8 chargers generated:
[(0, 275, 132),
 (1, 38, 210),
 (2, 222, 269),
 (3, 46, 125),
 (4, 136, 201),
 (5, 156, 244),
 (6, 29, 4),
 (7, 262, 292)]
=============================================
#                 sensors                   #
=============================================
110 sensors generated.
[(0, 52, 219),
 (1, 34, 142),
 (2, 35, 14),
 (3, 130, 195),
 (4, 180, 69),
 (5, 146, 183),
 (6, 222, 192),
 (7, 255, 2),
 (8, 114, 135),
 (9, 194, 184),
 (10, 145, 283),
 (11, 203, 134),
 (12, 16, 227),
 (13, 70, 195),
 (14, 300, 292),
 (15, 214, 200),
 (16, 286, 189),
 (17, 33, 169),
 (18, 158, 138),
 (19, 54, 233),
 (20, 275, 274),
 (21, 267, 291),
 (22, 196, 85),
 (23, 206, 175),
 (24, 28, 279),
 (25, 103, 69),
 (26, 288, 89),
 (27, 84, 34),
 (28, 171, 276),
 (29, 13, 37),
 (30, 54, 250),
 (31, 121, 163),
 (32, 30, 2),
 (33, 226, 93),
 (34, 175, 158),
 (35, 71, 283),
 (36, 66, 85),
 (37, 42, 60),
 (38, 245, 230),
 (39, 246, 76),
 (40, 146, 274),
 (41, 59, 260),
 (42, 178, 261),
 (43, 39, 237),
 (44, 281, 77),
 (45, 109, 139),
 (46, 257, 108),
 (47, 233, 5),
 (48, 85, 49),
 (49, 180, 280),
 (50, 12, 132),
 (51, 10, 1),
 (52, 291, 270),
 (53, 209, 122),
 (54, 175, 35),
 (55, 38, 74),
 (56, 201, 131),
 (57, 300, 284),
 (58, 262, 195),
 (59, 34, 21),
 (60, 29, 217),
 (61, 49, 296),
 (62, 254, 108),
 (63, 188, 103),
 (64, 224, 180),
 (65, 206, 102),
 (66, 224, 249),
 (67, 113, 40),
 (68, 232, 13),
 (69, 229, 9),
 (70, 158, 275),
 (71, 26, 218),
 (72, 298, 119),
 (73, 221, 286),
 (74, 200, 186),
 (75, 264, 170),
 (76, 127, 20),
 (77, 173, 185),
 (78, 119, 289),
 (79, 181, 31),
 (80, 184, 68),
 (81, 88, 233),
 (82, 65, 98),
 (83, 40, 64),
 (84, 141, 196),
 (85, 239, 20),
 (86, 162, 242),
 (87, 181, 238),
 (88, 238, 238),
 (89, 49, 252),
 (90, 39, 220),
 (91, 47, 280),
 (92, 18, 64),
 (93, 172, 280),
 (94, 31, 13),
 (95, 168, 268),
 (96, 87, 296),
 (97, 71, 90),
 (98, 248, 186),
 (99, 208, 268),
 (100, 69, 248),
 (101, 219, 11),
 (102, 222, 234),
 (103, 112, 68),
 (104, 28, 29),
 (105, 293, 219),
 (106, 30, 255),
 (107, 154, 52),
 (108, 101, 234),
 (109, 185, 68)]
=============================================
#                sensor's P                 #
=============================================
110 sensor's P generated.
[0.19035186578698896,
 0.16841252993378297,
 0.12814306767517311,
 0.18239916766665093,
 0.15620093488652909,
 0.17894657349930332,
 0.16396769815646878,
 0.11228592046126244,
 0.14356104087530375,
 0.14355567494427385,
 0.19001429420838678,
 0.10610842695798861,
 0.19903063591611109,
 0.12446102138088901,
 0.18411451083471345,
 0.13952714924974013,
 0.15550201020525017,
 0.16140142990440068,
 0.1438029496160016,
 0.10232445440006031,
 0.18929536774047367,
 0.13896084059487959,
 0.10045718393354845,
 0.18683516885533571,
 0.10828705354169356,
 0.12959772119815116,
 0.13499235766053375,
 0.102251106297017,
 0.14260745322534227,
 0.12580400901008076,
 0.13719841443613628,
 0.11752015730944874,
 0.17969913524066311,
 0.15939210006075627,
 0.13529998048476949,
 0.19756667533959968,
 0.11809354804765559,
 0.16195507758500863,
 0.1624704901663418,
 0.10738189381680741,
 0.14451213784388028,
 0.18063834659723835,
 0.16892617645492475,
 0.15645657568614774,
 0.14397147623676265,
 0.14232406804089731,
 0.16017778344381378,
 0.18802187932736844,
 0.19415069384801942,
 0.1562282002876732,
 0.15757193752901227,
 0.12401504968528135,
 0.11938428380623745,
 0.11318815922618933,
 0.17701279850575927,
 0.12827240965529302,
 0.19021063735012306,
 0.17777803328127212,
 0.16405373882320687,
 0.18190050954808656,
 0.1744906=============================================
#                  args                     #
=============================================
{'B': 800,
 'M': 110,
 'N': 8,
 'alpha': 0.64000000000000001,
 'beta': 30.0,
 'h_max': 4,
 'p_min': 50.0,
 'p_th': 0.01,
 'size': (300, 300),
 'sp_max': 0.20000000000000001,
 'sp_min': 0.10000000000000001,
 'times': 10,
 'worker': 10}
=============================================
#            candidate chargers             #
=============================================
8 chargers generated:
[(0, 208, 258),
 (1, 244, 142),
 (2, 73, 17),
 (3, 193, 132),
 (4, 28, 274),
 (5, 271, 277),
 (6, 144, 52),
 (7, 266, 244)]
=============================================
#                 sensors                   #
=============================================
110 sensors generated.
[(0, 169, 248),
 (1, 83, 38),
 (2, 76, 161),
 (3, 125, 249),
 (4, 288, 271),
 (5, 21, 104),
 (6, 156, 115),
 (7, 199, 125),
 (8, 147, 216),
 (9, 113, 93),
 (10, 99, 220),
 (11, 6, 229),
 (12, 61, 130),
 (13, 51, 208),
 (14, 89, 243),
 (15, 280, 40),
 (16, 48, 55),
 (17, 132, 235),
 (18, 251, 143),
 (19, 252, 57),
 (20, 22, 7),
 (21, 44, 32),
 (22, 47, 30),
 (23, 118, 58),
 (24, 190, 274),
 (25, 81, 107),
 (26, 0, 72),
 (27, 162, 271),
 (28, 79, 138),
 (29, 221, 109),
 (30, 71, 209),
 (31, 239, 216),
 (32, 257, 0),
 (33, 24, 98),
 (34, 19, 140),
 (35, 24, 40),
 (36, 9, 103),
 (37, 288, 1),
 (38, 275, 297),
 (39, 115, 66),
 (40, 144, 182),
 (41, 215, 138),
 (42, 293, 40),
 (43, 207, 117),
 (44, 297, 120),
 (45, 241, 180),
 (46, 99, 30),
 (47, 158, 211),
 (48, 40, 78),
 (49, 68, 76),
 (50, 256, 8),
 (51, 237, 172),
 (52, 73, 0),
 (53, 50, 197),
 (54, 293, 220),
 (55, 84, 288),
 (56, 293, 17),
 (57, 215, 268),
 (58, 119, 112),
 (59, 111, 120),
 (60, 166, 250),
 (61, 145, 227),
 (62, 118, 127),
 (63, 108, 231),
 (64, 19, 172),
 (65, 199, 106),
 (66, 159, 248),
 (67, 145, 98),
 (68, 22, 33),
 (69, 234, 69),
 (70, 104, 58),
 (71, 179, 231),
 (72, 85, 6),
 (73, 63, 135),
 (74, 13, 258),
 (75, 169, 249),
 (76, 98, 286),
 (77, 247, 82),
 (78, 290, 111),
 (79, 73, 197),
 (80, 253, 216),
 (81, 191, 219),
 (82, 134, 290),
 (83, 202, 244),
 (84, 59, 90),
 (85, 40, 300),
 (86, 214, 252),
 (87, 131, 295),
 (88, 147, 201),
 (89, 290, 274),
 (90, 53, 283),
 (91, 208, 274),
 (92, 114, 1),
 (93, 220, 17),
 (94, 154, 129),
 (95, 188, 232),
 (96, 40, 170),
 (97, 29, 51),
 (98, 186, 192),
 (99, 94, 2),
 (100, 103, 40),
 (101, 22, 52),
 (102, 203, 294),
 (103, 68, 295),
 (104, 136, 151),
 (105, 94, 211),
 (106, 72, 73),
 (107, 87, 179),
 (108, 171, 290),
 (109, 179, 217)]
=============================================
#                sensor's P                 #
=============================================
110 sensor's P generated.
[0.1305110738601252,
 0.12698682531824165,
 0.15669950182820541,
 0.1202132051884736,
 0.18706031169012699,
 0.11761846938233789,
 0.12662964764779983,
 0.16502269034904754,
 0.15359394731825132,
 0.17675718960095499,
 0.14755291264227427,
 0.13040226797174465,
 0.13555474452407063,
 0.16390972738727763,
 0.18861103326021678,
 0.13022704345200714,
 0.18432309630866461,
 0.17506032754703149,
 0.14568914446410389,
 0.14059507080165043,
 0.13778241813967945,
 0.14207543808355605,
 0.10672536387232691,
 0.19769547441128263,
 0.1296652026353827,
 0.13214535621257723,
 0.19262466263965236,
 0.15901293995678312,
 0.16173495845469363,
 0.10070161407573015,
 0.12759672877763292,
 0.16762064580795871,
 0.14297113352355392,
 0.16643836436970202,
 0.18903938225233521,
 0.18986884151598168,
 0.10497578000658597,
 0.19968759460609775,
 0.13169470616716,
 0.15764252391458738,
 0.10230500283031814,
 0.19022023394708787,
 0.15689944809273609,
 0.15660414020917215,
 0.11640228796912166,
 0.13116986092826483,
 0.19855147145799146,
 0.19014560258296387,
 0.14475613799874279,
 0.1027888571227083,
 0.16076110978270763,
 0.19556215554509523,
 0.15143796258106829,
 0.10760973817497566,
 0.15294215453620882,
 0.19577285165621838,
 0.1096697038306166,
 0.19812770950475364,
 0.15019348494397597,
 0.19565144298085083,
 0.19006026430020845,
 05967809796301,
 0.17831114331339368,
 0.12302470243547164,
 0.10473930578126039,
 0.17945436499484205,
 0.1795781106968985,
 0.13012600534463925,
 0.125679074466129,
 0.10560357065318576,
 0.19234565009631671,
 0.18972452611592755,
 0.19144148967379096,
 0.19069661167102914,
 0.18969133173735619,
 0.13931329468421236,
 0.10039872463541015,
 0.12849481281691799,
 0.15415951030938402,
 0.18956543200488521,
 0.16931602284646236,
 0.12430599644884986,
 0.11930585303388949,
 0.13978884118557466,
 0.13724685800913031,
 0.14145041307821565,
 0.17906421470700729,
 0.12960083534119166,
 0.17763441081377798,
 0.13937390577491926,
 0.11500078346172227,
 0.19829112555071837,
 0.15248120088526568,
 0.13714400747176084,
 0.15835133092845249,
 0.12382663929219632,
 0.10335281874722441,
 0.16196212123114564,
 0.18668573503215621,
 0.17938072678086192,
 0.16811865064247306,
 0.11984388593401164,
 0.11185237781203254,
 0.17218988089609794,
 0.14649619874002401,
 0.18797677005775901,
 0.13167096714987539,
 0.19824130297522072,
 0.12639942063469048,
 0.16109336818017148,
 0.11279270146709768]
=============================================
#           optimal power levels            #
=============================================
[4, 4, 4, 4, 4, 4, 4, 4]
=============================================
#           result of greedy part           #
=============================================
(2.370866753874985,
 [(0, 137, 158), (4, 167, 184), (5, 99, 109), (7, 218, 136)],
 [4, 4, 4, 4])
=============================================
#           result of greedy part           #
=============================================
(2.370866753874985,
 [(0, 137, 158), (4, 167, 184), (5, 99, 109), (7, 218, 136)],
 [4, 4, 4, 4])
=============================================
#                solution A                 #
=============================================
(2.370866753874985,
 [(0, 137, 158), (4, 167, 184), (5, 99, 109), (7, 218, 136)],
 [4, 4, 4, 4])
=============================================
#           result of greedy part           #
=============================================
(2.370866753874985,
 {(0, 137, 158): 4, (4, 167, 184): 4, (5, 99, 109): 4, (7, 218, 136): 4},
 [(0, 137, 158), (4, 167, 184), (5, 99, 109), (7, 218, 136)],
 [4, 4, 4, 4])
=============================================
#           result of greedy part           #
=============================================
(2.4003071758557315,
 {(0, 137, 158): 4, (4, 167, 184): 4},
 [(0, 137, 158), (4, 167, 184), (0, 137, 158), (4, 167, 184), (4, 167, 184)],
 [4, 4, 3, 3, 2])
=============================================
#       utilize the remaining budget        #
=============================================
Budget : 800.000000
=============================================
#                solution B                 #
=============================================
(2.1476873927514601,
 [(4, 167, 184), (6, 171, 2), (0, 137, 158), (1, 263, 145)],
 [4, 4, 4, 4])
=============================================
#               random h list               #
=============================================
[1, 1, 1, 3, 0, 0, 0, 2]
=============================================
#               solution Ran                #
=============================================
(0.46686129159122397,
 [(0, 137, 158), (1, 263, 145), (2, 257, 215), (3, 30, 222), (7, 218, 136)],
 [1, 1, 1, 3, 2])
=============================================
#                update trace               #
=============================================
=============================================
#               solution Opt                #
=============================================
(2.370866753874985,
 [(0, 137, 158), (4, 167, 184), (5, 99, 109), (7, 218, 136)],
 [4, 4, 4, 4])
19,
 0.16396788345325342,
 0.17387640097008056,
 0.1130277932526213,
 0.13887786129743757,
 0.13279793019041009,
 0.18577883868771147,
 0.18137335102086272,
 0.19500114556581655,
 0.18724794079347487,
 0.17389832132184613,
 0.11406810085154551,
 0.11275698773590169,
 0.15771323544220103,
 0.16966792946147735,
 0.16782432057296931,
 0.12473776919861475,
 0.18211404517533575,
 0.11672536024686071,
 0.12607459912071206,
 0.18032421286226358,
 0.11358952585455001,
 0.10077331500453425,
 0.12853107464985641,
 0.17168199468992817,
 0.11185241687730775,
 0.15785791808784555,
 0.19858211667976874,
 0.15240907860565986,
 0.16537904618573013,
 0.16582603195873469,
 0.15568537527772083,
 0.17857932287225425,
 0.17086858862284823,
 0.1589199686968934,
 0.11228199486228074,
 0.1496581718737022,
 0.10873929765074533,
 0.18910539258329959,
 0.10854468200910621,
 0.16034034222972923,
 0.12011568250458392,
 0.18316894071560749,
 0.15401161647427511,
 0.18420561454400541,
 0.19868211720936971,
 0.15366868847776632,
 0.14792799134006293,
 0.12569375007946287,
 0.11373991014932444,
 0.16903207410882287]
=============================================
#           optimal power levels            #
=============================================
[4, 4, 4, 4, 4, 4, 4, 4]
=============================================
#           result of greedy part           #
=============================================
(2.5101873212362986,
 [(0, 156, 237), (5, 190, 142), (7, 76, 213), (3, 264, 171)],
 [4, 4, 4, 4])
=============================================
#           result of greedy part           #
=============================================
(2.5101873212362986,
 [(0, 156, 237), (5, 190, 142), (7, 76, 213), (3, 264, 171)],
 [4, 4, 4, 4])
=============================================
#                solution A                 #
=============================================
(2.5101873212362986,
 [(0, 156, 237), (5, 190, 142), (7, 76, 213), (3, 264, 171)],
 [4, 4, 4, 4])
=============================================
#           result of greedy part           #
=============================================
(2.7758648700576152,
 {(0, 156, 237): 4, (5, 190, 142): 4, (7, 76, 213): 4},
 [(0, 156, 237), (5, 190, 142), (7, 76, 213), (0, 156, 237), (5, 190, 142)],
 [4, 4, 4, 3, 1])
=============================================
#           result of greedy part           #
=============================================
(2.7758648700576152,
 {(0, 156, 237): 4, (5, 190, 142): 4, (7, 76, 213): 4},
 [(0, 156, 237), (0, 156, 237), (5, 190, 142), (7, 76, 213), (5, 190, 142)],
 [4, 3, 4, 4, 1])
=============================================
#       utilize the remaining budget        #
=============================================
Budget : 800.000000
=============================================
#                solution B                 #
=============================================
(2.5101873212362986,
 [(5, 190, 142), (0, 156, 237), (7, 76, 213), (3, 264, 171)],
 [4, 4, 4, 4])
=============================================
#               random h list               #
=============================================
[0, 4, 1, 0, 1, 2, 1, 3]
=============================================
#               solution Ran                #
=============================================
(0.84482473148979931,
 [(1, 14, 164),
  (2, 151, 35),
  (4, 154, 59),
  (5, 190, 142),
  (6, 285, 102),
  (7, 76, 213)],
 [4, 1, 1, 2, 1, 3])
=============================================
#                update trace               #
=============================================
=============================================
#               solution Opt                #
=============================================
(2.5101873212362982,
 [(0, 156, 237), (3, 264, 171), (5, 190, 142), (7, 76, 213)],
 [4, 4, 4, 4])
55473,
 0.12932998274996202,
 0.16923678249615715,
 0.12862558384182304,
 0.1223848799771375,
 0.12944012164089055,
 0.12259002514578403,
 0.10787784190306919,
 0.16127734931995205,
 0.12700489389865419,
 0.1450760098553536,
 0.17837600771902121,
 0.17248860836896335,
 0.11711593742221062,
 0.17447336455883922,
 0.13542087474145878,
 0.12351718456275579,
 0.12900331397862777,
 0.19814237315674327,
 0.14321063907395468,
 0.19538822230373798,
 0.15403549459852706,
 0.19232463883692558,
 0.198951863912668,
 0.10269409107476056,
 0.17620016895010818,
 0.11083209843430319,
 0.15616326105554409,
 0.16369488405217708,
 0.17166706806465359,
 0.19899828514376108,
 0.13847907803530266,
 0.19694230675629135,
 0.14511813005524068,
 0.15660102760158354,
 0.19207754756188827,
 0.10369822720631115,
 0.10543478636783317,
 0.11149653838298784,
 0.13455424967469362,
 0.19509403843540923,
 0.17318137946137299,
 0.18420151931111131,
 0.132241524394939,
 0.16418928402524507,
 0.14304646814633445,
 0.17351539210794759,
 0.16977445376501921,
 0.12147832563832819,
 0.15796537176727254]
=============================================
#           optimal power levels            #
=============================================
[4, 4, 4, 4, 4, 4, 4, 4]
=============================================
#           result of greedy part           #
=============================================
(2.4963785565473935,
 [(6, 91, 105), (1, 171, 72), (5, 112, 189), (3, 173, 252)],
 [4, 4, 4, 4])
=============================================
#           result of greedy part           #
=============================================
(2.4963785565473935,
 [(6, 91, 105), (1, 171, 72), (5, 112, 189), (3, 173, 252)],
 [4, 4, 4, 4])
=============================================
#                solution A                 #
=============================================
(2.4963785565473935,
 [(6, 91, 105), (1, 171, 72), (5, 112, 189), (3, 173, 252)],
 [4, 4, 4, 4])
=============================================
#           result of greedy part           #
=============================================
(2.6017490339543698,
 {(1, 171, 72): 4, (5, 112, 189): 4, (6, 91, 105): 4},
 [(6, 91, 105), (1, 171, 72), (6, 91, 105), (5, 112, 189), (6, 91, 105)],
 [4, 4, 3, 4, 1])
=============================================
#           result of greedy part           #
=============================================
(2.7617718732730716,
 {(1, 171, 72): 4, (6, 91, 105): 4},
 [(6, 91, 105), (1, 171, 72), (6, 91, 105), (1, 171, 72), (1, 171, 72)],
 [4, 4, 3, 3, 2])
=============================================
#       utilize the remaining budget        #
=============================================
Budget : 800.000000
=============================================
#                solution B                 #
=============================================
(2.3506280740394341,
 [(6, 91, 105), (1, 171, 72), (2, 274, 13), (0, 283, 126)],
 [4, 4, 4, 4])
=============================================
#               random h list               #
=============================================
[0, 4, 2, 4, 2, 3, 1, 0]
=============================================
#               solution Ran                #
=============================================
(1.8555167758066804,
 [(1, 171, 72),
  (2, 274, 13),
  (3, 173, 252),
  (4, 291, 113),
  (5, 112, 189),
  (6, 91, 105)],
 [4, 2, 4, 2, 3, 1])
=============================================
#                update trace               #
=============================================
=============================================
#               solution Opt                #
=============================================
(2.4963785565473935,
 [(1, 171, 72), (3, 173, 252), (5, 112, 189), (6, 91, 105)],
 [4, 4, 4, 4])
 0.11659674814320542,
 0.17315525296441689,
 0.10086789950845039,
 0.1462482273130663,
 0.14560783137497144,
 0.16534106907227764,
 0.10483383876328622,
 0.19236842560012093,
 0.18732434164483225,
 0.11554066385152649,
 0.16504425856462102,
 0.17231003777232656,
 0.10965996670821243,
 0.11431745623143708,
 0.17303902576388158,
 0.18760860295182685,
 0.18307781173178314,
 0.15114125526577799,
 0.1641565684501618,
 0.15945281369429806,
 0.11811122353589221,
 0.11612912990017332,
 0.15192412135095404,
 0.12270638461178353,
 0.19744128502375821,
 0.15646370814644767,
 0.12256556859135623,
 0.12343649536458576,
 0.14997546020478364,
 0.15893068298633292,
 0.18248191814617454,
 0.17202477796243859,
 0.14390966692023721,
 0.17661195007468611,
 0.17837573185543637,
 0.141829313819027,
 0.15855539978363667,
 0.17330381127197297,
 0.15882580951218267,
 0.14827917952687605,
 0.17534718466944707,
 0.18686956524184078,
 0.11553142036660573,
 0.11849306047039426,
 0.11237822642413614,
 0.11318662454663228,
 0.19777834178695888,
 0.15966247490387811,
 0.12357973017434126]
=============================================
#           optimal power levels            #
=============================================
[4, 4, 4, 4, 4, 4, 4, 4]
=============================================
#           result of greedy part           #
=============================================
(2.0500002663398491,
 [(0, 75, 163), (6, 192, 70), (7, 102, 180), (3, 278, 135)],
 [4, 4, 4, 4])
=============================================
#           result of greedy part           #
=============================================
(2.0500002663398491,
 [(0, 75, 163), (6, 192, 70), (7, 102, 180), (3, 278, 135)],
 [4, 4, 4, 4])
=============================================
#                solution A                 #
=============================================
(2.0500002663398491,
 [(0, 75, 163), (6, 192, 70), (7, 102, 180), (3, 278, 135)],
 [4, 4, 4, 4])
=============================================
#           result of greedy part           #
=============================================
(2.0500002663398491,
 {(0, 75, 163): 4, (3, 278, 135): 4, (6, 192, 70): 4, (7, 102, 180): 4},
 [(0, 75, 163), (6, 192, 70), (7, 102, 180), (3, 278, 135)],
 [4, 4, 4, 4])
=============================================
#           result of greedy part           #
=============================================
(2.0500002663398491,
 {(0, 75, 163): 4, (3, 278, 135): 4, (6, 192, 70): 4, (7, 102, 180): 4},
 [(0, 75, 163), (6, 192, 70), (7, 102, 180), (3, 278, 135)],
 [4, 4, 4, 4])
=============================================
#       utilize the remaining budget        #
=============================================
Budget : 800.000000
=============================================
#                solution B                 #
=============================================
(2.0500002663398491,
 [(0, 75, 163), (6, 192, 70), (7, 102, 180), (3, 278, 135)],
 [4, 4, 4, 4])
=============================================
#               random h list               #
=============================================
[2, 3, 0, 3, 3, 1, 4, 0]
=============================================
#               solution Ran                #
=============================================
(1.4465191674762818,
 [(0, 75, 163),
  (1, 3, 72),
  (3, 278, 135),
  (4, 29, 105),
  (5, 153, 8),
  (6, 192, 70)],
 [2, 3, 3, 3, 1, 4])
=============================================
#                update trace               #
=============================================
=============================================
#               solution Opt                #
=============================================
(2.0500002663398491,
 [(0, 75, 163), (3, 278, 135), (6, 192, 70), (7, 102, 180)],
 [4, 4, 4, 4])
961983287818,
 0.15019597832982784,
 0.10208308979889257,
 0.19603179562657014,
 0.1575466953768089,
 0.14982568404769092,
 0.13939148529664278,
 0.14483736399921712,
 0.14420578000211681,
 0.16987162998465005,
 0.10365431259995588,
 0.17309383106040604,
 0.16289614899877375,
 0.12303687975946039,
 0.16499827599958683,
 0.16623797464368115,
 0.18096154683583371,
 0.19271281200532911,
 0.18037648543325885,
 0.13291408815775668,
 0.17093361937718887,
 0.1622487470338955,
 0.10216242984728352,
 0.13353136028209553,
 0.10361150833914547,
 0.18705834232761459,
 0.16088918798175664,
 0.14306184129252444,
 0.18439518083766274,
 0.14556796544906001,
 0.12991858482955654,
 0.11848824069300948,
 0.11594444974574568,
 0.17630313228866779,
 0.16559963571212533,
 0.13135964089387769,
 0.15346173946213573,
 0.13523416245304759,
 0.13629261798127626,
 0.11875289193691468,
 0.18042182117302658,
 0.14828660598421248,
 0.18763032185503406,
 0.17276644884828959,
 0.10531816989563798,
 0.19016995811845699,
 0.16977445458460766,
 0.14784987299609417,
 0.1108209236434981,
 0.18181858816346458]
=============================================
#           optimal power levels            #
=============================================
[4, 4, 4, 4, 4, 4, 4, 4]
=============================================
#           result of greedy part           #
=============================================
(2.1151432762045212,
 [(7, 199, 89), (1, 112, 260), (4, 51, 106), (6, 241, 146)],
 [4, 4, 4, 4])
=============================================
#           result of greedy part           #
=============================================
(2.1151432762045212,
 [(7, 199, 89), (1, 112, 260), (4, 51, 106), (6, 241, 146)],
 [4, 4, 4, 4])
=============================================
#                solution A                 #
=============================================
(2.1151432762045212,
 [(7, 199, 89), (1, 112, 260), (4, 51, 106), (6, 241, 146)],
 [4, 4, 4, 4])
=============================================
#           result of greedy part           #
=============================================
(2.2857767953269987,
 {(1, 112, 260): 4, (4, 51, 106): 4, (7, 199, 89): 4},
 [(7, 199, 89), (1, 112, 260), (7, 199, 89), (4, 51, 106), (7, 199, 89)],
 [4, 4, 3, 4, 1])
=============================================
#           result of greedy part           #
=============================================
(2.3666880859340913,
 {(1, 112, 260): 4, (7, 199, 89): 4},
 [(7, 199, 89), (7, 199, 89), (1, 112, 260), (1, 112, 260), (7, 199, 89)],
 [4, 3, 4, 3, 2])
=============================================
#       utilize the remaining budget        #
=============================================
Budget : 800.000000
=============================================
#                solution B                 #
=============================================
(1.8809748818989118,
 [(3, 168, 281), (7, 199, 89), (1, 112, 260), (5, 257, 294)],
 [4, 4, 4, 4])
=============================================
#               random h list               #
=============================================
[2, 0, 4, 4, 2, 0, 2, 2]
=============================================
#               solution Ran                #
=============================================
(1.0782706825969075,
 [(0, 257, 196),
  (2, 76, 293),
  (3, 168, 281),
  (4, 51, 106),
  (6, 241, 146),
  (7, 199, 89)],
 [2, 4, 4, 2, 2, 2])
=============================================
#                update trace               #
=============================================
=============================================
#               solution Opt                #
=============================================
(2.1151432762045212,
 [(1, 112, 260), (4, 51, 106), (6, 241, 146), (7, 199, 89)],
 [4, 4, 4, 4])
9,
 0.11785966465680081,
 0.16151153962069845,
 0.15116249920162489,
 0.15000930637408003,
 0.11742975960934354,
 0.15282423507164958,
 0.17786647201669226,
 0.17452913862203689,
 0.17379750603991817,
 0.13115061263102873,
 0.15858699364351447,
 0.11015082126606085,
 0.14579091677500572,
 0.19127410788786595,
 0.15933454691944648,
 0.13972894347861284,
 0.15800744005108786,
 0.15601131474277105,
 0.15760157699969077,
 0.1604404398165149,
 0.12863050849732799,
 0.19874404947216426,
 0.17543879798954939,
 0.10944869151439444,
 0.18819832105945744,
 0.182439216875807,
 0.11721167963624288,
 0.15153528835503938,
 0.16692123432018807,
 0.15069979842753192,
 0.19132445684878865,
 0.16415853315646789,
 0.14644408555023311,
 0.18503887467336627,
 0.15466306092351986,
 0.15392660810204825,
 0.18229852324432458,
 0.18474577613503829,
 0.19986648917952546,
 0.14778805475186529,
 0.16465783558033803,
 0.17530497273143852,
 0.17878619991111436,
 0.13622026659574263,
 0.10417088909462419,
 0.14578316980485428,
 0.10042223533136255,
 0.1987141900685912,
 0.14859944300339287,
 0.17654747286798964]
=============================================
#           optimal power levels            #
=============================================
[4, 4, 4, 4, 4, 4, 4, 4]
=============================================
#           result of greedy part           #
=============================================
(2.5638525372195402,
 [(1, 131, 105), (4, 219, 134), (6, 255, 142), (5, 51, 262)],
 [4, 4, 4, 4])
=============================================
#           result of greedy part           #
=============================================
(2.5638525372195402,
 [(1, 131, 105), (4, 219, 134), (6, 255, 142), (5, 51, 262)],
 [4, 4, 4, 4])
=============================================
#                solution A                 #
=============================================
(2.5638525372195402,
 [(1, 131, 105), (4, 219, 134), (6, 255, 142), (5, 51, 262)],
 [4, 4, 4, 4])
=============================================
#           result of greedy part           #
=============================================
(2.7301697374759075,
 {(1, 131, 105): 4, (4, 219, 134): 4, (5, 51, 262): 1, (6, 255, 142): 4},
 [(1, 131, 105), (4, 219, 134), (6, 255, 142), (1, 131, 105), (5, 51, 262)],
 [4, 4, 4, 3, 1])
=============================================
#           result of greedy part           #
=============================================
(2.7301697374759075,
 {(1, 131, 105): 4, (4, 219, 134): 4, (5, 51, 262): 1, (6, 255, 142): 4},
 [(1, 131, 105), (1, 131, 105), (4, 219, 134), (6, 255, 142), (5, 51, 262)],
 [4, 3, 4, 4, 1])
=============================================
#       utilize the remaining budget        #
=============================================
Budget : 800.000000
=============================================
#                solution B                 #
=============================================
(2.5638525372195402,
 [(6, 255, 142), (4, 219, 134), (1, 131, 105), (5, 51, 262)],
 [4, 4, 4, 4])
=============================================
#               random h list               #
=============================================
[3, 1, 2, 0, 0, 1, 2, 1]
=============================================
#               solution Ran                #
=============================================
(0.74596436051503712,
 [(0, 277, 211),
  (1, 131, 105),
  (2, 21, 103),
  (5, 51, 262),
  (6, 255, 142),
  (7, 88, 241)],
 [3, 1, 2, 1, 2, 1])
=============================================
#                update trace               #
=============================================
=============================================
#               solution Opt                #
=============================================
(2.5638525372195402,
 [(1, 131, 105), (4, 219, 134), (5, 51, 262), (6, 255, 142)],
 [4, 4, 4, 4])
5473429176,
 0.17651328816110767,
 0.12096215140661686,
 0.11192944758480072,
 0.16866876468737602,
 0.11737755735365152,
 0.15722064913264483,
 0.17657149822671137,
 0.1574258588577177,
 0.12336143391452611,
 0.12061287771713565,
 0.13667783566246244,
 0.18729864528470125,
 0.11483267913748724,
 0.1672957472386184,
 0.17774112964897731,
 0.18179391099869419,
 0.15582223294077396,
 0.15699809497319248,
 0.12097831952052295,
 0.10587177633165459,
 0.12130455561389905,
 0.12288301343635746,
 0.1553128836231607,
 0.17819027840699381,
 0.14719036981195063,
 0.13806401576124006,
 0.14035334118853018,
 0.10406479325702311,
 0.1560025757882525,
 0.10548093211745761,
 0.1570664159733566,
 0.19027391635825128,
 0.14160897369529613,
 0.19555527076544008,
 0.19511222847637924,
 0.17937958735372461,
 0.1113324442269545,
 0.10566911659985934,
 0.14321818064815534,
 0.11286411040292471,
 0.14747395420783349,
 0.10461531071816992,
 0.11945232115372834,
 0.15091649478303867,
 0.1754133022190921,
 0.16381884043685727,
 0.14122941893224844,
 0.11672647913122725,
 0.15984105433396942]
=============================================
#           optimal power levels            #
=============================================
[4, 4, 4, 4, 4, 4, 4, 4]
=============================================
#           result of greedy part           #
=============================================
(2.3586489555695316,
 [(1, 38, 210), (5, 156, 244), (4, 136, 201), (6, 29, 4)],
 [4, 4, 4, 4])
=============================================
#           result of greedy part           #
=============================================
(2.3586489555695316,
 [(1, 38, 210), (5, 156, 244), (4, 136, 201), (6, 29, 4)],
 [4, 4, 4, 4])
=============================================
#                solution A                 #
=============================================
(2.3586489555695316,
 [(1, 38, 210), (5, 156, 244), (4, 136, 201), (6, 29, 4)],
 [4, 4, 4, 4])
=============================================
#           result of greedy part           #
=============================================
(2.3586489555695316,
 {(1, 38, 210): 4, (4, 136, 201): 4, (5, 156, 244): 4, (6, 29, 4): 4},
 [(1, 38, 210), (5, 156, 244), (4, 136, 201), (6, 29, 4)],
 [4, 4, 4, 4])
=============================================
#           result of greedy part           #
=============================================
(2.3603414176052295,
 {(1, 38, 210): 4, (4, 136, 201): 4, (5, 156, 244): 4, (6, 29, 4): 1},
 [(1, 38, 210), (5, 156, 244), (1, 38, 210), (4, 136, 201), (6, 29, 4)],
 [4, 4, 3, 4, 1])
=============================================
#       utilize the remaining budget        #
=============================================
Budget : 800.000000
=============================================
#                solution B                 #
=============================================
(2.3586489555695316,
 [(4, 136, 201), (5, 156, 244), (6, 29, 4), (1, 38, 210)],
 [4, 4, 4, 4])
=============================================
#               random h list               #
=============================================
[0, 2, 2, 4, 4, 2, 1, 1]
=============================================
#               solution Ran                #
=============================================
(1.6123123639740664,
 [(1, 38, 210),
  (2, 222, 269),
  (3, 46, 125),
  (4, 136, 201),
  (5, 156, 244),
  (6, 29, 4),
  (7, 262, 292)],
 [2, 2, 4, 4, 2, 1, 1])
=============================================
#                update trace               #
=============================================
=============================================
#               solution Opt                #
=============================================
(2.3586489555695316,
 [(1, 38, 210), (4, 136, 201), (5, 156, 244), (6, 29, 4)],
 [4, 4, 4, 4])
0.1155432141896638,
 0.11270098369227688,
 0.12499558692071734,
 0.14444099084296411,
 0.17850561977501544,
 0.14019860704099754,
 0.15560620208991363,
 0.13448904059655004,
 0.1236656517913519,
 0.11010256402448278,
 0.17507575286157745,
 0.10315020179723389,
 0.19733180460514071,
 0.14856404309159663,
 0.15216656894693253,
 0.10037368394371063,
 0.17782237952314608,
 0.17727204537308189,
 0.18757030061927443,
 0.19284202662331318,
 0.16851422914640168,
 0.13253730967760596,
 0.1446143323485384,
 0.17761669456944432,
 0.1923965240445849,
 0.13183805513744709,
 0.15077182276970172,
 0.1541441273586221,
 0.1496644789808064,
 0.10593949276838817,
 0.16725267863297405,
 0.13059599593840548,
 0.12759418799806721,
 0.16832542425184094,
 0.14465373702787215,
 0.12169016301125903,
 0.13117488986910844,
 0.10776649774971087,
 0.16584939296165704,
 0.15040122362469477,
 0.17776730605687849,
 0.15339400054114666,
 0.10310125345211985,
 0.12760952883668034,
 0.11863656512196812,
 0.17661299533531319,
 0.14350542043872455,
 0.14198504991365621,
 0.17229576242428074]
=============================================
#           optimal power levels            #
=============================================
[4, 4, 4, 4, 4, 4, 4, 4]
=============================================
#           result of greedy part           #
=============================================
(2.1497426258270402,
 [(0, 208, 258), (2, 73, 17), (3, 193, 132), (1, 244, 142)],
 [4, 4, 4, 4])
=============================================
#           result of greedy part           #
=============================================
(2.1497426258270402,
 [(0, 208, 258), (2, 73, 17), (3, 193, 132), (1, 244, 142)],
 [4, 4, 4, 4])
=============================================
#                solution A                 #
=============================================
(2.1497426258270402,
 [(0, 208, 258), (2, 73, 17), (3, 193, 132), (1, 244, 142)],
 [4, 4, 4, 4])
=============================================
#           result of greedy part           #
=============================================
(2.3279426959885337,
 {(0, 208, 258): 4, (2, 73, 17): 4, (3, 193, 132): 4},
 [(0, 208, 258), (2, 73, 17), (3, 193, 132), (0, 208, 258), (0, 208, 258)],
 [4, 4, 4, 3, 1])
=============================================
#           result of greedy part           #
=============================================
(2.4669538795345778,
 {(0, 208, 258): 4, (2, 73, 17): 4},
 [(0, 208, 258), (0, 208, 258), (2, 73, 17), (0, 208, 258), (2, 73, 17)],
 [4, 3, 4, 2, 3])
=============================================
#       utilize the remaining budget        #
=============================================
Budget : 800.000000
=============================================
#                solution B                 #
=============================================
(2.05774842884147,
 [(5, 271, 277), (2, 73, 17), (0, 208, 258), (3, 193, 132)],
 [4, 4, 4, 4])
=============================================
#               random h list               #
=============================================
[3, 3, 2, 3, 1, 0, 1, 3]
=============================================
#               solution Ran                #
=============================================
(1.3908677389025075,
 [(0, 208, 258),
  (1, 244, 142),
  (2, 73, 17),
  (3, 193, 132),
  (4, 28, 274),
  (6, 144, 52),
  (7, 266, 244)],
 [3, 3, 2, 3, 1, 1, 3])
=============================================
#                update trace               #
=============================================
=============================================
#               solution Opt                #
=============================================
(2.1497426258270402,
 [(0, 208, 258), (1, 244, 142), (2, 73, 17), (3, 193, 132)],
 [4, 4, 4, 4])
43,
 0.18845299172910243,
 0.13019447773858073,
 0.16833045120547943,
 0.11013092766151168,
 0.18575482508160038,
 0.11494487339476811,
 0.1629469061885313,
 0.13148555715612165,
 0.1639592242742437,
 0.17728078971618244,
 0.15287427175978865,
 0.11537333048823682,
 0.1657859981763129,
 0.12227658240147743,
 0.13104808540408033,
 0.16238588674733576,
 0.19664254556926336,
 0.19857865742765185,
 0.10280994599001515,
 0.12854280028896808,
 0.13192475123808184,
 0.10412928193424774,
 0.18940060988973675,
 0.10063868827239368,
 0.11742732448156022,
 0.13112832098323479,
 0.11001448132362811,
 0.13749614274546579,
 0.10444212848711767,
 0.12326030090366155,
 0.12983792657124116,
 0.11319997165695123,
 0.19517684053492468,
 0.11653130158979609,
 0.13790499865239686,
 0.15184138017564425,
 0.14540558551330099,
 0.14854439086494392,
 0.1656133779845663,
 0.10929637254002222,
 0.19214881195010455,
 0.11712465301065036,
 0.18458619705555215,
 0.12480341532939226,
 0.16786286589430199,
 0.11525443962013615,
 0.11811667003322113,
 0.15120399453956751,
 0.16553519288836815]
=============================================
#           optimal power levels            #
=============================================
[4, 4, 4, 4, 4, 4, 4, 4]
=============================================
#           result of greedy part           #
=============================================
(2.177881668233463,
 [(5, 184, 58), (4, 155, 219), (6, 116, 143), (2, 284, 110)],
 [4, 4, 4, 4])
=============================================
#           result of greedy part           #
=============================================
(2.177881668233463,
 [(5, 184, 58), (4, 155, 219), (6, 116, 143), (2, 284, 110)],
 [4, 4, 4, 4])
=============================================
#                solution A                 #
=============================================
(2.177881668233463,
 [(5, 184, 58), (4, 155, 219), (6, 116, 143), (2, 284, 110)],
 [4, 4, 4, 4])
=============================================
#           result of greedy part           #
=============================================
(2.2779330620412521,
 {(4, 155, 219): 4, (5, 184, 58): 4, (6, 116, 143): 4},
 [(5, 184, 58), (4, 155, 219), (6, 116, 143), (5, 184, 58), (5, 184, 58)],
 [4, 4, 4, 3, 1])
=============================================
#           result of greedy part           #
=============================================
(2.2779330620412521,
 {(4, 155, 219): 4, (5, 184, 58): 4, (6, 116, 143): 4},
 [(5, 184, 58), (5, 184, 58), (4, 155, 219), (6, 116, 143), (5, 184, 58)],
 [4, 3, 4, 4, 1])
=============================================
#       utilize the remaining budget        #
=============================================
Budget : 800.000000
=============================================
#                solution B                 #
=============================================
(2.0738367808015061,
 [(6, 116, 143), (0, 259, 258), (4, 155, 219), (5, 184, 58)],
 [4, 4, 4, 4])
=============================================
#               random h list               #
=============================================
[0, 4, 1, 3, 4, 0, 4, 0]
=============================================
#               solution Ran                #
=============================================
(1.5131084715580134,
 [(1, 202, 268), (2, 284, 110), (3, 140, 293), (4, 155, 219), (6, 116, 143)],
 [4, 1, 3, 4, 4])
=============================================
#                update trace               #
=============================================
=============================================
#               solution Opt                #
=============================================
(2.177881668233463,
 [(2, 284, 110), (4, 155, 219), (5, 184, 58), (6, 116, 143)],
 [4, 4, 4, 4])
583923065,
 0.13614679007587085,
 0.18771536877197861,
 0.16306940231833406,
 0.1519295641067272,
 0.17075523144541049,
 0.16325289429309142,
 0.19847913795722927,
 0.16643582587222311,
 0.17583651075299031,
 0.19735612604779337,
 0.16320825602773015,
 0.13891819818589024,
 0.12829474787130477,
 0.11916564750595217,
 0.15332562625256213,
 0.19488763661225014,
 0.15699004831162366,
 0.11576986928099035,
 0.16269519415287637,
 0.17386352417436829,
 0.18278939668414479,
 0.19539543002391177,
 0.17408334603744441,
 0.13344702122054414,
 0.1746645165055894,
 0.12975213115518228,
 0.12065002215578564,
 0.12202366687838356,
 0.14402092002136541,
 0.13634594669860545,
 0.11109704468298419,
 0.12973395357977643,
 0.10437340642045727,
 0.17443210638664558,
 0.15309300789278457,
 0.144405223841923,
 0.17143041867805867,
 0.15900220726432293,
 0.16109212812190871,
 0.17620848864666305,
 0.14743448419922081,
 0.15791255544792307,
 0.12737557798417459,
 0.19377731447840851,
 0.15161496601380831,
 0.11300210064406449,
 0.14569417162873841,
 0.1703031601420078,
 0.19631232791890893]
=============================================
#           optimal power levels            #
=============================================
[4, 4, 4, 4, 4, 4, 4, 4]
=============================================
#           result of greedy part           #
=============================================
(2.0841996815063086,
 [(0, 201, 280), (1, 153, 291), (3, 241, 50), (5, 83, 244)],
 [4, 4, 4, 4])
=============================================
#           result of greedy part           #
=============================================
(2.0841996815063086,
 [(0, 201, 280), (1, 153, 291), (3, 241, 50), (5, 83, 244)],
 [4, 4, 4, 4])
=============================================
#                solution A                 #
=============================================
(2.0841996815063086,
 [(0, 201, 280), (1, 153, 291), (3, 241, 50), (5, 83, 244)],
 [4, 4, 4, 4])
=============================================
#           result of greedy part           #
=============================================
(2.0841996815063086,
 {(0, 201, 280): 4, (1, 153, 291): 4, (3, 241, 50): 4, (5, 83, 244): 4},
 [(0, 201, 280), (1, 153, 291), (3, 241, 50), (5, 83, 244)],
 [4, 4, 4, 4])
=============================================
#           result of greedy part           #
=============================================
(2.0894855773154868,
 {(0, 201, 280): 4, (1, 153, 291): 4, (3, 241, 50): 4},
 [(0, 201, 280), (0, 201, 280), (1, 153, 291), (3, 241, 50), (0, 201, 280)],
 [4, 3, 4, 4, 1])
=============================================
#       utilize the remaining budget        #
=============================================
Budget : 800.000000
=============================================
#                solution B                 #
=============================================
(1.933140747703185,
 [(1, 153, 291), (0, 201, 280), (3, 241, 50), (7, 36, 283)],
 [4, 4, 4, 4])
=============================================
#               random h list               #
=============================================
[1, 2, 3, 2, 4, 2, 2, 0]
=============================================
#               solution Ran                #
=============================================
(1.3032104395982473,
 [(0, 201, 280),
  (1, 153, 291),
  (2, 164, 292),
  (3, 241, 50),
  (4, 225, 165),
  (5, 83, 244),
  (6, 100, 153)],
 [1, 2, 3, 2, 4, 2, 2])
=============================================
#                update trace               #
=============================================
=============================================
#               solution Opt                #
=============================================
(2.0841996815063086,
 [(0, 201, 280), (1, 153, 291), (3, 241, 50), (5, 83, 244)],
 [4, 4, 4, 4])
{'B': 800,
 'M': 110,
 'N': 8,
 'alpha': 0.64000000000000001,
 'beta': 30.0,
 'h_max': 4,
 'p_min': 50.0,
 'p_th': 0.01,
 'size': (300, 300),
 'sp_max': 0.20000000000000001,
 'sp_min': 0.10000000000000001,
 'times': 10,
 'worker': 10}
[{'A': (2.177881668233463,
        [(5, 184, 58), (4, 155, 219), (6, 116, 143), (2, 284, 110)],
        [4, 4, 4, 4]),
  'B': (2.0738367808015061,
        [(6, 116, 143), (0, 259, 258), (4, 155, 219), (5, 184, 58)],
        [4, 4, 4, 4]),
  'Opt': (2.177881668233463,
          [(2, 284, 110), (4, 155, 219), (5, 184, 58), (6, 116, 143)],
          [4, 4, 4, 4]),
  'Random': (1.5131084715580134,
             [(1, 202, 268),
              (2, 284, 110),
              (3, 140, 293),
              (4, 155, 219),
              (6, 116, 143)],
             [4, 1, 3, 4, 4])},
 {'A': (2.0500002663398491,
        [(0, 75, 163), (6, 192, 70), (7, 102, 180), (3, 278, 135)],
        [4, 4, 4, 4]),
  'B': (2.0500002663398491,
        [(0, 75, 163), (6, 192, 70), (7, 102, 180), (3, 278, 135)],
        [4, 4, 4, 4]),
  'Opt': (2.0500002663398491,
          [(0, 75, 163), (3, 278, 135), (6, 192, 70), (7, 102, 180)],
          [4, 4, 4, 4]),
  'Random': (1.4465191674762818,
             [(0, 75, 163),
              (1, 3, 72),
              (3, 278, 135),
              (4, 29, 105),
              (5, 153, 8),
              (6, 192, 70)],
             [2, 3, 3, 3, 1, 4])},
 {'A': (2.1151432762045212,
        [(7, 199, 89), (1, 112, 260), (4, 51, 106), (6, 241, 146)],
        [4, 4, 4, 4]),
  'B': (1.8809748818989118,
        [(3, 168, 281), (7, 199, 89), (1, 112, 260), (5, 257, 294)],
        [4, 4, 4, 4]),
  'Opt': (2.1151432762045212,
          [(1, 112, 260), (4, 51, 106), (6, 241, 146), (7, 199, 89)],
          [4, 4, 4, 4]),
  'Random': (1.0782706825969075,
             [(0, 257, 196),
              (2, 76, 293),
              (3, 168, 281),
              (4, 51, 106),
              (6, 241, 146),
              (7, 199, 89)],
             [2, 4, 4, 2, 2, 2])},
 {'A': (2.5101873212362986,
        [(0, 156, 237), (5, 190, 142), (7, 76, 213), (3, 264, 171)],
        [4, 4, 4, 4]),
  'B': (2.5101873212362986,
        [(5, 190, 142), (0, 156, 237), (7, 76, 213), (3, 264, 171)],
        [4, 4, 4, 4]),
  'Opt': (2.5101873212362982,
          [(0, 156, 237), (3, 264, 171), (5, 190, 142), (7, 76, 213)],
          [4, 4, 4, 4]),
  'Random': (0.84482473148979931,
             [(1, 14, 164),
              (2, 151, 35),
              (4, 154, 59),
              (5, 190, 142),
              (6, 285, 102),
              (7, 76, 213)],
             [4, 1, 1, 2, 1, 3])},
 {'A': (2.4963785565473935,
        [(6, 91, 105), (1, 171, 72), (5, 112, 189), (3, 173, 252)],
        [4, 4, 4, 4]),
  'B': (2.3506280740394341,
        [(6, 91, 105), (1, 171, 72), (2, 274, 13), (0, 283, 126)],
        [4, 4, 4, 4]),
  'Opt': (2.4963785565473935,
          [(1, 171, 72), (3, 173, 252), (5, 112, 189), (6, 91, 105)],
          [4, 4, 4, 4]),
  'Random': (1.8555167758066804,
             [(1, 171, 72),
              (2, 274, 13),
              (3, 173, 252),
              (4, 291, 113),
              (5, 112, 189),
              (6, 91, 105)],
             [4, 2, 4, 2, 3, 1])},
 {'A': (2.370866753874985,
        [(0, 137, 158), (4, 167, 184), (5, 99, 109), (7, 218, 136)],
        [4, 4, 4, 4]),
  'B': (2.1476873927514601,
        [(4, 167, 184), (6, 171, 2), (0, 137, 158), (1, 263, 145)],
        [4, 4, 4, 4]),
  'Opt': (2.370866753874985,
          [(0, 137, 158), (4, 167, 184), (5, 99, 109), (7, 218, 136)],
          [4, 4, 4, 4]),
  'Random': (0.46686129159122397,
             [(0, 137, 158),
              (1, 263, 145),
              (2, 257, 215),
              (3, 30, 222),
              (7, 218, 136)],
             [1, 1, 1, 3, 2])},
 {'A': (2.3586489555695316,
        [(1, 38, 210), (5, 156, 244), (4, 136, 201), (6, 29, 4)],
        [4, 4, 4, 4]),
  'B': (2.3586489555695316,
        [(4, 136, 201), (5, 156, 244), (6, 29, 4), (1, 38, 210)],
        [4, 4, 4, 4]),
  'Opt': (2.3586489555695316,
          [(1, 38, 210), (4, 136, 201), (5, 156, 244), (6, 29, 4)],
          [4, 4, 4, 4]),
  'Random': (1.6123123639740664,
             [(1, 38, 210),
              (2, 222, 269),
              (3, 46, 125),
              (4, 136, 201),
              (5, 156, 244),
              (6, 29, 4),
              (7, 262, 292)],
             [2, 2, 4, 4, 2, 1, 1])},
 {'A': (2.5638525372195402,
        [(1, 131, 105), (4, 219, 134), (6, 255, 142), (5, 51, 262)],
        [4, 4, 4, 4]),
  'B': (2.5638525372195402,
        [(6, 255, 142), (4, 219, 134), (1, 131, 105), (5, 51, 262)],
        [4, 4, 4, 4]),
  'Opt': (2.5638525372195402,
          [(1, 131, 105), (4, 219, 134), (5, 51, 262), (6, 255, 142)],
          [4, 4, 4, 4]),
  'Random': (0.74596436051503712,
             [(0, 277, 211),
              (1, 131, 105),
              (2, 21, 103),
              (5, 51, 262),
              (6, 255, 142),
              (7, 88, 241)],
             [3, 1, 2, 1, 2, 1])},
 {'A': (2.0841996815063086,
        [(0, 201, 280), (1, 153, 291), (3, 241, 50), (5, 83, 244)],
        [4, 4, 4, 4]),
  'B': (1.933140747703185,
        [(1, 153, 291), (0, 201, 280), (3, 241, 50), (7, 36, 283)],
        [4, 4, 4, 4]),
  'Opt': (2.0841996815063086,
          [(0, 201, 280), (1, 153, 291), (3, 241, 50), (5, 83, 244)],
          [4, 4, 4, 4]),
  'Random': (1.3032104395982473,
             [(0, 201, 280),
              (1, 153, 291),
              (2, 164, 292),
              (3, 241, 50),
              (4, 225, 165),
              (5, 83, 244),
              (6, 100, 153)],
             [1, 2, 3, 2, 4, 2, 2])},
 {'A': (2.1497426258270402,
        [(0, 208, 258), (2, 73, 17), (3, 193, 132), (1, 244, 142)],
        [4, 4, 4, 4]),
  'B': (2.05774842884147,
        [(5, 271, 277), (2, 73, 17), (0, 208, 258), (3, 193, 132)],
        [4, 4, 4, 4]),
  'Opt': (2.1497426258270402,
          [(0, 208, 258), (1, 244, 142), (2, 73, 17), (3, 193, 132)],
          [4, 4, 4, 4]),
  'Random': (1.3908677389025075,
             [(0, 208, 258),
              (1, 244, 142),
              (2, 73, 17),
              (3, 193, 132),
              (4, 28, 274),
              (6, 144, 52),
              (7, 266, 244)],
             [3, 3, 2, 3, 1, 1, 3])}]
{'A': 2.2876901642558929,
 'B': 2.1926705386401184,
 'Opt': 2.2876901642558929,
 'Random': 1.2257456023508764}
