=============================================
#                  args                     #
=============================================
{'B': 800,
 'M': 130,
 'N': 8,
 'alpha': 0.64000000000000001,
 'beta': 30.0,
 'h_max': 4,
 'p_min': 50.0,
 'p_th': 0.01,
 'size': (300, 300),
 'sp_max': 0.20000000000000001,
 'sp_min': 0.10000000000000001,
 'times': 10,
 'worker': 10}
=============================================
#            candidate chargers             #
=============================================
8 chargers generated:
[(0, 159, 220),
 (1, 146, 26),
 (2, 200, 64),
 (3, 226, 232),
 (4, 240, 3),
 (5, 264, 66),
 (6, 113, 214),
 (7, 218, 82)]
=============================================
#                 sensors                   #
=============================================
130 sensors generated.
[(0, 192, 9),
 (1, 172, 294),
 (2, 161, 31),
 (3, 27, 142),
 (4, 16, 185),
 (5, 208, 247),
 (6, 137, 288),
 (7, 48, 150),
 (8, 270, 52),
 (9, 186, 200),
 (10, 129, 270),
 (11, 38, 169),
 (12, 196, 294),
 (13, 143, 140),
 (14, 282, 226),
 (15, 276, 40),
 (16, 287, 54),
 (17, 258, 6),
 (18, 88, 299),
 (19, 288, 23),
 (20, 14, 114),
 (21, 268, 152),
 (22, 218, 33),
 (23, 257, 266),
 (24, 127, 185),
 (25, 279, 183),
 (26, 256, 212),
 (27, 173, 284),
 (28, 22, 247),
 (29, 16, 85),
 (30, 1, 0),
 (31, 210, 110),
 (32, 87, 293),
 (33, 195, 272),
 (34, 216, 271),
 (35, 170, 55),
 (36, 282, 134),
 (37, 124, 25),
 (38, 25, 212),
 (39, 227, 101),
 (40, 238, 82),
 (41, 161, 183),
 (42, 24, 103),
 (43, 43, 37),
 (44, 146, 163),
 (45, 38, 72),
 (46, 256, 249),
 (47, 299, 271),
 (48, 146, 294),
 (49, 204, 177),
 (50, 267, 76),
 (51, 93, 297),
 (52, 9, 263),
 (53, 219, 252),
 (54, 101, 129),
 (55, 204, 14),
 (56, 16, 179),
 (57, 26, 136),
 (58, 29, 197),
 (59, 176, 95),
 (60, 181, 103),
 (61, 214, 188),
 (62, 73, 55),
 (63, 173, 199),
 (64, 127, 206),
 (65, 143, 251),
 (66, 216, 294),
 (67, 235, 94),
 (68, 72, 214),
 (69, 141, 79),
 (70, 240, 104),
 (71, 76, 216),
 (72, 114, 79),
 (73, 182, 108),
 (74, 147, 262),
 (75, 246, 147),
 (76, 285, 108),
 (77, 194, 12),
 (78, 194, 149),
 (79, 292, 64),
 (80, 273, 156),
 (81, 83, 192),
 (82, 137, 67),
 (83, 27, 181),
 (84, 80, 46),
 (85, 136, 274),
 (86, 48, 44),
 (87, 135, 118),
 (88, 134, 68),
 (89, 172, 105),
 (90, 155, 88),
 (91, 66, 265),
 (92, 195, 242),
 (93, 258, 151),
 (94, 227, 210),
 (95, 57, 127),
 (96, 10, 232),
 (97, 163, 117),
 (98, 67, 63),
 (99, 159, 207),
 (100, 140, 297),
 (101, 234, 184),
 (102, 146, 86),
 (103, 94, 295),
 (104, 18, 143),
 (105, 195, 206),
 (106, 115, 141),
 (107, 130, 54),
 (108, 268, 155),
 (109, 231, 292),
 (110, 59, 55),
 (111, 237, 139),
 (112, 184, 1),
 (113, 61, 119),
 (114, 15, 230),
 (115, 271, 85),
 (116, 29, 176),
 (117, 235, 175),
 (118, 21, 102),
 (119, 42, 89),
 (120, 300, 294),
 (121, 96, 292),
 (122, 45, 105),
 (123, 112, 58),
 (124, 123, 15),
 (125, 219, 121),
 (126, 163, 79),
 (127, 266, 133),
 (128, 229, 270),
 (129, 78, 295)]
=============================================
#                sensor's P                 #
=============================================
130 sensor's P generated.
[0.13382499141633747,
 0.13721631706467843,
 0.13826408472553159,
 0.11011927553249862,
 0.19694776637659006,
 0.16946893681927697,
 0.17669259653739411,
 0.15841597174547153,
 0.18644303990228539,
 0.10883190926003153,
 0.14548171837061546,
 0.1501068115988588,
 0.19758022940783251,
 0.16898840646988023,
 0.11970290020137274,
 0.1790168204536445,
 0.16956953383087672,
 0.13201909931601749,
 0.12478249208188667,
 0.16796303162488818,
 0.1664546612532683,
 0.13730175377786316,
 0.15402379445234546,
 0.18742582854955556,
 0.17874130887910383,
 0.10566591300978859,
 0.14943287114624779,
 0.1191012350646348,
 0.15558867760849529,
 0.17902516621835873,
 0.10518087692990773,
 0.14754228958624474,
 0.15713490164883875,
 0.17269143580851704,
 0.15445041955028568,
 0.18180251734883793,
 0.19700173591172807,
 0.16319532595533473,
 0.10341369739893096,
 0.1886951761041398,
 0.13933084593011588,
 0.11754340185035332,
 0.15037234982130376,
 0.12683547533347483,
 0.193056=============================================
#                  args                     #
=============================================
{'B': 800,
 'M': 130,
 'N': 8,
 'alpha': 0.64000000000000001,
 'beta': 30.0,
 'h_max': 4,
 'p_min': 50.0,
 'p_th': 0.01,
 'size': (300, 300),
 'sp_max': 0.20000000000000001,
 'sp_min': 0.10000000000000001,
 'times': 10,
 'worker': 10}
=============================================
#            candidate chargers             #
=============================================
8 chargers generated:
[(0, 237, 169),
 (1, 249, 62),
 (2, 242, 234),
 (3, 106, 63),
 (4, 180, 233),
 (5, 1, 260),
 (6, 46, 151),
 (7, 9, 139)]
=============================================
#                 sensors                   #
=============================================
130 sensors generated.
[(0, 243, 150),
 (1, 300, 175),
 (2, 300, 180),
 (3, 52, 53),
 (4, 8, 77),
 (5, 3, 94),
 (6, 15, 277),
 (7, 227, 275),
 (8, 252, 67),
 (9, 90, 231),
 (10, 220, 263),
 (11, 41, 12),
 (12, 12, 134),
 (13, 6, 161),
 (14, 270, 43),
 (15, 203, 196),
 (16, 222, 222),
 (17, 169, 256),
 (18, 62, 298),
 (19, 47, 145),
 (20, 102, 296),
 (21, 177, 27),
 (22, 277, 92),
 (23, 145, 287),
 (24, 81, 147),
 (25, 59, 291),
 (26, 62, 190),
 (27, 217, 177),
 (28, 21, 191),
 (29, 192, 39),
 (30, 158, 78),
 (31, 65, 93),
 (32, 69, 190),
 (33, 13, 204),
 (34, 102, 67),
 (35, 102, 296),
 (36, 72, 144),
 (37, 60, 175),
 (38, 296, 240),
 (39, 178, 106),
 (40, 104, 226),
 (41, 286, 288),
 (42, 148, 28),
 (43, 252, 91),
 (44, 204, 81),
 (45, 79, 279),
 (46, 89, 60),
 (47, 69, 290),
 (48, 67, 287),
 (49, 25, 180),
 (50, 67, 26),
 (51, 74, 73),
 (52, 48, 187),
 (53, 6, 201),
 (54, 11, 195),
 (55, 163, 145),
 (56, 246, 173),
 (57, 178, 166),
 (58, 52, 296),
 (59, 167, 300),
 (60, 45, 137),
 (61, 162, 96),
 (62, 15, 31),
 (63, 36, 63),
 (64, 258, 248),
 (65, 165, 175),
 (66, 256, 40),
 (67, 257, 32),
 (68, 95, 161),
 (69, 153, 207),
 (70, 41, 154),
 (71, 184, 288),
 (72, 181, 95),
 (73, 227, 274),
 (74, 268, 249),
 (75, 4, 70),
 (76, 27, 72),
 (77, 132, 280),
 (78, 157, 127),
 (79, 50, 51),
 (80, 236, 58),
 (81, 197, 145),
 (82, 14, 85),
 (83, 137, 6),
 (84, 28, 66),
 (85, 300, 297),
 (86, 127, 116),
 (87, 76, 299),
 (88, 139, 232),
 (89, 156, 107),
 (90, 69, 130),
 (91, 46, 86),
 (92, 201, 157),
 (93, 261, 221),
 (94, 153, 59),
 (95, 249, 100),
 (96, 28, 239),
 (97, 66, 9),
 (98, 48, 116),
 (99, 189, 56),
 (100, 21, 257),
 (101, 218, 54),
 (102, 293, 48),
 (103, 218, 166),
 (104, 47, 300),
 (105, 204, 5),
 (106, 43, 203),
 (107, 196, 250),
 (108, 244, 261),
 (109, 173, 242),
 (110, 195, 31),
 (111, 167, 108),
 (112, 84, 71),
 (113, 32, 40),
 (114, 40, 136),
 (115, 109, 196),
 (116, 82, 22),
 (117, 259, 117),
 (118, 70, 248),
 (119, 84, 263),
 (120, 209, 236),
 (121, 263, 104),
 (122, 140, 128),
 (123, 249, 164),
 (124, 129, 285),
 (125, 72, 127),
 (126, 163, 262),
 (127, 40, 116),
 (128, 220, 55),
 (129, 84, 21)]
=============================================
#                sensor's P                 #
=============================================
130 sensor's P generated.
[0.14431786067351904,
 0.19771865389099047,
 0.14214440327202418,
 0.19873364076328476,
 0.14047593141407808,
 0.16298276459169009,
 0.13385043480737782,
 0.11273409094278425,
 0.1880047676517132,
 0.15858583310221691,
 0.13186327684098531,
 0.16112145910877326,
 0.13895969552814413,
 0.1661991049296774,
 0.18678152923871233,
 0.11109773297838731,
 0.15689308582076736,
 0.15717740678428432,
 0.19186175010770573,
 0.14401397412693862,
 0.19833256309429764,
 0.10760526196498672,
 0.17970205873649781,
 0.17850721622523924,
 0.11432883114585282,
 0.1481572058471852,
 0.15621432952293393,
 0.17393481546546813,
 0.14254007469614591,
 0.1343262888705215,
 0.11745065375316527,
 0.10152175331319639,
 0.14872037725672999,
 0.13538469616450846,
 0.11450734952530667,
 0.11525093497619542,
 0.14163944239327603,
 0.18153754800185473,
 0.14556196832611557,
 0.12025378956388035,
 0.17581721166086892,
 0.17371428100465786,
 0.11476807312652626,
 0.19001491800479364,
 0.19212928152076977,
 0.13615489=============================================
#                  args                     #
=============================================
{'B': 800,
 'M': 130,
 'N': 8,
 'alpha': 0.64000000000000001,
 'beta': 30.0,
 'h_max': 4,
 'p_min': 50.0,
 'p_th': 0.01,
 'size': (300, 300),
 'sp_max': 0.20000000000000001,
 'sp_min': 0.10000000000000001,
 'times': 10,
 'worker': 10}
=============================================
#            candidate chargers             #
=============================================
8 chargers generated:
[(0, 231, 85),
 (1, 242, 2),
 (2, 46, 81),
 (3, 20, 287),
 (4, 201, 300),
 (5, 29, 117),
 (6, 252, 282),
 (7, 9, 274)]
=============================================
#                 sensors                   #
=============================================
130 sensors generated.
[(0, 13, 147),
 (1, 98, 212),
 (2, 191, 290),
 (3, 13, 149),
 (4, 94, 162),
 (5, 262, 231),
 (6, 140, 19),
 (7, 4, 147),
 (8, 243, 259),
 (9, 84, 223),
 (10, 236, 234),
 (11, 245, 120),
 (12, 256, 188),
 (13, 230, 164),
 (14, 162, 188),
 (15, 297, 30),
 (16, 2, 199),
 (17, 6, 191),
 (18, 289, 52),
 (19, 67, 186),
 (20, 186, 138),
 (21, 243, 23),
 (22, 287, 37),
 (23, 189, 163),
 (24, 116, 52),
 (25, 153, 177),
 (26, 216, 278),
 (27, 46, 291),
 (28, 89, 240),
 (29, 160, 58),
 (30, 253, 115),
 (31, 98, 24),
 (32, 61, 69),
 (33, 30, 75),
 (34, 11, 249),
 (35, 23, 93),
 (36, 15, 96),
 (37, 125, 197),
 (38, 211, 125),
 (39, 0, 136),
 (40, 117, 201),
 (41, 288, 265),
 (42, 45, 211),
 (43, 199, 21),
 (44, 145, 131),
 (45, 103, 190),
 (46, 56, 53),
 (47, 169, 119),
 (48, 69, 30),
 (49, 135, 16),
 (50, 226, 114),
 (51, 278, 45),
 (52, 71, 292),
 (53, 87, 163),
 (54, 140, 287),
 (55, 211, 37),
 (56, 178, 139),
 (57, 34, 123),
 (58, 124, 79),
 (59, 111, 25),
 (60, 51, 175),
 (61, 293, 295),
 (62, 176, 288),
 (63, 14, 57),
 (64, 131, 191),
 (65, 154, 287),
 (66, 226, 123),
 (67, 56, 102),
 (68, 296, 293),
 (69, 54, 40),
 (70, 150, 281),
 (71, 29, 93),
 (72, 110, 188),
 (73, 265, 2),
 (74, 199, 225),
 (75, 47, 100),
 (76, 43, 94),
 (77, 8, 270),
 (78, 1, 235),
 (79, 163, 78),
 (80, 100, 179),
 (81, 159, 11),
 (82, 221, 221),
 (83, 5, 241),
 (84, 293, 62),
 (85, 95, 193),
 (86, 184, 174),
 (87, 35, 5),
 (88, 277, 174),
 (89, 43, 256),
 (90, 168, 178),
 (91, 113, 124),
 (92, 62, 168),
 (93, 154, 56),
 (94, 206, 69),
 (95, 127, 46),
 (96, 85, 94),
 (97, 92, 66),
 (98, 42, 156),
 (99, 100, 20),
 (100, 205, 151),
 (101, 51, 135),
 (102, 250, 13),
 (103, 47, 8),
 (104, 90, 269),
 (105, 300, 203),
 (106, 111, 148),
 (107, 92, 256),
 (108, 28, 89),
 (109, 75, 258),
 (110, 109, 284),
 (111, 241, 160),
 (112, 101, 145),
 (113, 229, 237),
 (114, 236, 150),
 (115, 68, 285),
 (116, 76, 156),
 (117, 166, 88),
 (118, 156, 160),
 (119, 83, 77),
 (120, 82, 177),
 (121, 151, 81),
 (122, 7, 175),
 (123, 55, 107),
 (124, 80, 205),
 (125, 9, 177),
 (126, 209, 77),
 (127, 197, 244),
 (128, 176, 15),
 (129, 226, 251)]
=============================================
#                sensor's P                 #
=============================================
130 sensor's P generated.
[0.13839295323965456,
 0.14559863758882613,
 0.17074123704973615,
 0.15783497064387178,
 0.12264993274096771,
 0.15802586227708043,
 0.10226830819828019,
 0.10618873252027566,
 0.13211305529454148,
 0.13524068131029923,
 0.15591035438138157,
 0.10164477892822681,
 0.13897052217835126,
 0.15368798849253426,
 0.1790897789665849,
 0.12174070310067041,
 0.16062581501280626,
 0.14093612403628675,
 0.16250102366997463,
 0.13944483448849593,
 0.12433917759799983,
 0.10726250758435857,
 0.1278669640664305,
 0.12230425866082331,
 0.13882268444657425,
 0.13802878029730434,
 0.16711987184376348,
 0.19877391364136884,
 0.14481945788436487,
 0.16016437554634086,
 0.15332727343238947,
 0.1221124576136549,
 0.10677428751412352,
 0.15343569210917374,
 0.16357124019007074,
 0.11383104304845248,
 0.13159702626752579,
 0.19651025185272936,
 0.10777082217117034,
 0.16857887811071837,
 0.19529474974212122,
 0.16254153632073318,
 0.15217897965595559,
 0.17310140616135095,
 0.11331535308607502,
 0.120387578=============================================
#                  args                     #
=============================================
{'B': 800,
 'M': 130,
 'N': 8,
 'alpha': 0.64000000000000001,
 'beta': 30.0,
 'h_max': 4,
 'p_min': 50.0,
 'p_th': 0.01,
 'size': (300, 300),
 'sp_max': 0.20000000000000001,
 'sp_min': 0.10000000000000001,
 'times': 10,
 'worker': 10}
=============================================
#            candidate chargers             #
=============================================
8 chargers generated:
[(0, 147, 72),
 (1, 120, 197),
 (2, 137, 265),
 (3, 186, 31),
 (4, 175, 224),
 (5, 64, 198),
 (6, 19, 177),
 (7, 158, 38)]
=============================================
#                 sensors                   #
=============================================
130 sensors generated.
[(0, 225, 246),
 (1, 127, 64),
 (2, 240, 21),
 (3, 111, 5),
 (4, 15, 130),
 (5, 254, 95),
 (6, 63, 1),
 (7, 223, 295),
 (8, 24, 145),
 (9, 177, 205),
 (10, 21, 51),
 (11, 3, 189),
 (12, 33, 124),
 (13, 271, 123),
 (14, 165, 159),
 (15, 138, 4),
 (16, 187, 220),
 (17, 109, 98),
 (18, 69, 174),
 (19, 144, 264),
 (20, 80, 94),
 (21, 164, 115),
 (22, 34, 191),
 (23, 235, 168),
 (24, 129, 299),
 (25, 248, 14),
 (26, 272, 157),
 (27, 56, 100),
 (28, 138, 116),
 (29, 177, 289),
 (30, 223, 6),
 (31, 100, 0),
 (32, 162, 117),
 (33, 46, 300),
 (34, 245, 277),
 (35, 245, 77),
 (36, 121, 153),
 (37, 100, 25),
 (38, 113, 18),
 (39, 212, 165),
 (40, 253, 20),
 (41, 154, 272),
 (42, 153, 147),
 (43, 44, 146),
 (44, 149, 286),
 (45, 94, 110),
 (46, 41, 69),
 (47, 144, 238),
 (48, 130, 9),
 (49, 181, 38),
 (50, 204, 120),
 (51, 296, 240),
 (52, 109, 296),
 (53, 164, 120),
 (54, 178, 151),
 (55, 294, 159),
 (56, 171, 48),
 (57, 207, 146),
 (58, 202, 273),
 (59, 182, 41),
 (60, 66, 263),
 (61, 55, 270),
 (62, 6, 207),
 (63, 57, 140),
 (64, 224, 215),
 (65, 83, 144),
 (66, 211, 110),
 (67, 66, 97),
 (68, 236, 193),
 (69, 241, 92),
 (70, 58, 16),
 (71, 98, 190),
 (72, 41, 290),
 (73, 66, 278),
 (74, 29, 74),
 (75, 167, 148),
 (76, 28, 84),
 (77, 0, 155),
 (78, 238, 298),
 (79, 184, 26),
 (80, 239, 191),
 (81, 21, 146),
 (82, 239, 55),
 (83, 295, 92),
 (84, 208, 99),
 (85, 36, 223),
 (86, 0, 48),
 (87, 6, 91),
 (88, 264, 19),
 (89, 268, 231),
 (90, 290, 82),
 (91, 47, 260),
 (92, 137, 102),
 (93, 203, 78),
 (94, 160, 107),
 (95, 151, 298),
 (96, 189, 251),
 (97, 160, 113),
 (98, 265, 65),
 (99, 244, 152),
 (100, 178, 111),
 (101, 149, 207),
 (102, 118, 159),
 (103, 256, 199),
 (104, 288, 284),
 (105, 78, 284),
 (106, 159, 116),
 (107, 97, 80),
 (108, 232, 288),
 (109, 34, 158),
 (110, 29, 209),
 (111, 236, 89),
 (112, 50, 33),
 (113, 27, 293),
 (114, 250, 60),
 (115, 106, 169),
 (116, 162, 100),
 (117, 99, 216),
 (118, 33, 120),
 (119, 184, 199),
 (120, 287, 226),
 (121, 288, 104),
 (122, 4, 17),
 (123, 143, 18),
 (124, 18, 93),
 (125, 204, 146),
 (126, 242, 150),
 (127, 227, 21),
 (128, 128, 183),
 (129, 38, 148)]
=============================================
#                sensor's P                 #
=============================================
130 sensor's P generated.
[0.12139448476325911,
 0.11348170340674951,
 0.13318241332239844,
 0.12646430056353675,
 0.16506162873832006,
 0.16731780786613029,
 0.12528278534398724,
 0.1861498868651987,
 0.15330448595206209,
 0.16490290054877599,
 0.16503767628086002,
 0.18258198437009371,
 0.15405055052830824,
 0.13664336446031097,
 0.19897974957784845,
 0.1376275249977654,
 0.16315651294550473,
 0.15679622090095349,
 0.18259123398463531,
 0.12692712919138024,
 0.12876672421419197,
 0.11676560328673116,
 0.18606468258665745,
 0.1564569372182992,
 0.14906606954681703,
 0.15771440068068757,
 0.11708099437285756,
 0.11809656171425667,
 0.16231667052116289,
 0.18253820392661457,
 0.1706649646696306,
 0.1343596304520995,
 0.14589635846271518,
 0.16042663665085188,
 0.13019828005871478,
 0.12793005345057668,
 0.17579557145705416,
 0.19704244421456429,
 0.1205103834887674,
 0.18694929841394026,
 0.14359682905445803,
 0.12580930796189302,
 0.11765394385527922,
 0.1084021581234319,
 0.11914000559949839,
 =============================================
#                  args                     #
=============================================
{'B': 800,
 'M': 130,
 'N': 8,
 'alpha': 0.64000000000000001,
 'beta': 30.0,
 'h_max': 4,
 'p_min': 50.0,
 'p_th': 0.01,
 'size': (300, 300),
 'sp_max': 0.20000000000000001,
 'sp_min': 0.10000000000000001,
 'times': 10,
 'worker': 10}
=============================================
#            candidate chargers             #
=============================================
8 chargers generated:
[(0, 85, 220),
 (1, 185, 27),
 (2, 162, 145),
 (3, 98, 251),
 (4, 250, 176),
 (5, 141, 258),
 (6, 112, 173),
 (7, 225, 238)]
=============================================
#                 sensors                   #
=============================================
130 sensors generated.
[(0, 171, 165),
 (1, 138, 83),
 (2, 135, 105),
 (3, 141, 267),
 (4, 125, 26),
 (5, 154, 113),
 (6, 13, 209),
 (7, 191, 148),
 (8, 233, 236),
 (9, 166, 47),
 (10, 158, 147),
 (11, 224, 4),
 (12, 123, 187),
 (13, 93, 262),
 (14, 176, 114),
 (15, 20, 18),
 (16, 214, 130),
 (17, 298, 42),
 (18, 61, 172),
 (19, 28, 28),
 (20, 28, 141),
 (21, 151, 32),
 (22, 280, 64),
 (23, 218, 116),
 (24, 239, 296),
 (25, 6, 221),
 (26, 244, 92),
 (27, 240, 203),
 (28, 57, 131),
 (29, 86, 144),
 (30, 89, 163),
 (31, 112, 251),
 (32, 155, 18),
 (33, 177, 247),
 (34, 113, 294),
 (35, 191, 214),
 (36, 173, 218),
 (37, 238, 213),
 (38, 28, 118),
 (39, 4, 295),
 (40, 218, 23),
 (41, 20, 190),
 (42, 300, 202),
 (43, 265, 218),
 (44, 300, 81),
 (45, 209, 56),
 (46, 100, 136),
 (47, 215, 221),
 (48, 129, 109),
 (49, 46, 289),
 (50, 59, 13),
 (51, 278, 212),
 (52, 85, 117),
 (53, 58, 126),
 (54, 196, 96),
 (55, 163, 79),
 (56, 300, 37),
 (57, 172, 227),
 (58, 259, 138),
 (59, 114, 226),
 (60, 173, 109),
 (61, 90, 85),
 (62, 254, 9),
 (63, 245, 74),
 (64, 47, 140),
 (65, 81, 68),
 (66, 35, 269),
 (67, 233, 124),
 (68, 295, 180),
 (69, 44, 4),
 (70, 150, 32),
 (71, 218, 2),
 (72, 284, 71),
 (73, 212, 253),
 (74, 76, 148),
 (75, 205, 245),
 (76, 209, 4),
 (77, 89, 211),
 (78, 251, 182),
 (79, 200, 105),
 (80, 251, 2),
 (81, 77, 254),
 (82, 97, 33),
 (83, 124, 269),
 (84, 56, 91),
 (85, 210, 20),
 (86, 231, 292),
 (87, 85, 49),
 (88, 74, 60),
 (89, 31, 10),
 (90, 295, 29),
 (91, 91, 155),
 (92, 5, 189),
 (93, 141, 268),
 (94, 127, 109),
 (95, 219, 175),
 (96, 129, 247),
 (97, 246, 7),
 (98, 128, 274),
 (99, 258, 195),
 (100, 22, 287),
 (101, 152, 2),
 (102, 160, 241),
 (103, 137, 272),
 (104, 10, 207),
 (105, 81, 51),
 (106, 76, 183),
 (107, 170, 177),
 (108, 249, 229),
 (109, 236, 120),
 (110, 113, 256),
 (111, 283, 29),
 (112, 119, 232),
 (113, 127, 31),
 (114, 209, 237),
 (115, 129, 190),
 (116, 22, 266),
 (117, 264, 14),
 (118, 104, 281),
 (119, 200, 146),
 (120, 183, 39),
 (121, 220, 109),
 (122, 187, 45),
 (123, 40, 75),
 (124, 282, 188),
 (125, 265, 248),
 (126, 115, 100),
 (127, 225, 293),
 (128, 141, 125),
 (129, 129, 128)]
=============================================
#                sensor's P                 #
=============================================
130 sensor's P generated.
[0.19268705839702602,
 0.16240842727944083,
 0.10925503046568685,
 0.13307718140181954,
 0.17730578073458717,
 0.16258452086350716,
 0.14176281222166295,
 0.19244282290418011,
 0.14135530275188246,
 0.14504582287409262,
 0.11038697492253913,
 0.19327728491667664,
 0.12112930977014308,
 0.17863649320778036,
 0.19473909455442212,
 0.11202084549618246,
 0.19600341884849243,
 0.14105899260987828,
 0.13293362151222582,
 0.16221959409458747,
 0.14914782393210949,
 0.1387949385803246,
 0.18207866077759849,
 0.10668231093738278,
 0.19263655834590596,
 0.19490553770577129,
 0.1192793027889586,
 0.15083705222389712,
 0.155118930870872,
 0.16403787325134542,
 0.16067351661041562,
 0.17176474081165838,
 0.16043269450713776,
 0.14823363829930414,
 0.19128501389045846,
 0.12291949877563885,
 0.12460630759511028,
 0.17352715024259863,
 0.11302001659201655,
 0.16107941643303814,
 0.10305341313838264,
 0.14271823991003957,
 0.10118157294417796,
 0.1514661000126476,
 0.1341052025=============================================
#                  args                     #
=============================================
{'B': 800,
 'M': 130,
 'N': 8,
 'alpha': 0.64000000000000001,
 'beta': 30.0,
 'h_max': 4,
 'p_min': 50.0,
 'p_th': 0.01,
 'size': (300, 300),
 'sp_max': 0.20000000000000001,
 'sp_min': 0.10000000000000001,
 'times': 10,
 'worker': 10}
=============================================
#            candidate chargers             #
=============================================
8 chargers generated:
[(0, 204, 288),
 (1, 34, 112),
 (2, 192, 240),
 (3, 132, 139),
 (4, 44, 157),
 (5, 47, 176),
 (6, 174, 12),
 (7, 150, 215)]
=============================================
#                 sensors                   #
=============================================
130 sensors generated.
[(0, 204, 268),
 (1, 74, 158),
 (2, 276, 19),
 (3, 9, 152),
 (4, 262, 234),
 (5, 42, 81),
 (6, 109, 95),
 (7, 175, 88),
 (8, 28, 43),
 (9, 285, 227),
 (10, 112, 199),
 (11, 227, 254),
 (12, 101, 180),
 (13, 24, 54),
 (14, 107, 18),
 (15, 148, 43),
 (16, 282, 165),
 (17, 67, 245),
 (18, 181, 165),
 (19, 60, 70),
 (20, 196, 202),
 (21, 54, 98),
 (22, 198, 63),
 (23, 192, 56),
 (24, 179, 70),
 (25, 127, 239),
 (26, 17, 263),
 (27, 292, 223),
 (28, 207, 5),
 (29, 59, 219),
 (30, 8, 2),
 (31, 156, 161),
 (32, 128, 200),
 (33, 231, 253),
 (34, 168, 279),
 (35, 84, 279),
 (36, 112, 288),
 (37, 182, 92),
 (38, 82, 256),
 (39, 156, 98),
 (40, 183, 243),
 (41, 74, 39),
 (42, 146, 74),
 (43, 279, 184),
 (44, 249, 214),
 (45, 212, 177),
 (46, 269, 242),
 (47, 102, 70),
 (48, 161, 14),
 (49, 78, 239),
 (50, 101, 161),
 (51, 21, 31),
 (52, 100, 56),
 (53, 38, 291),
 (54, 66, 211),
 (55, 272, 15),
 (56, 201, 195),
 (57, 268, 249),
 (58, 283, 226),
 (59, 28, 199),
 (60, 127, 286),
 (61, 262, 57),
 (62, 212, 164),
 (63, 171, 185),
 (64, 71, 249),
 (65, 32, 13),
 (66, 191, 228),
 (67, 101, 3),
 (68, 67, 101),
 (69, 299, 191),
 (70, 273, 259),
 (71, 214, 172),
 (72, 278, 177),
 (73, 69, 216),
 (74, 50, 223),
 (75, 92, 267),
 (76, 240, 294),
 (77, 127, 238),
 (78, 111, 8),
 (79, 179, 270),
 (80, 151, 286),
 (81, 187, 176),
 (82, 275, 134),
 (83, 186, 8),
 (84, 174, 57),
 (85, 65, 204),
 (86, 121, 83),
 (87, 121, 98),
 (88, 153, 153),
 (89, 135, 299),
 (90, 236, 261),
 (91, 256, 25),
 (92, 199, 216),
 (93, 244, 239),
 (94, 68, 271),
 (95, 47, 207),
 (96, 246, 201),
 (97, 129, 210),
 (98, 129, 87),
 (99, 38, 274),
 (100, 227, 91),
 (101, 245, 177),
 (102, 157, 251),
 (103, 64, 185),
 (104, 227, 290),
 (105, 240, 298),
 (106, 69, 207),
 (107, 55, 139),
 (108, 203, 165),
 (109, 60, 7),
 (110, 80, 191),
 (111, 80, 188),
 (112, 158, 277),
 (113, 92, 244),
 (114, 71, 262),
 (115, 231, 122),
 (116, 269, 165),
 (117, 267, 244),
 (118, 192, 262),
 (119, 63, 258),
 (120, 35, 176),
 (121, 288, 297),
 (122, 131, 275),
 (123, 252, 198),
 (124, 87, 104),
 (125, 1, 77),
 (126, 131, 265),
 (127, 128, 103),
 (128, 298, 15),
 (129, 286, 4)]
=============================================
#                sensor's P                 #
=============================================
130 sensor's P generated.
[0.16194579879787793,
 0.10964253570022738,
 0.17881963231443959,
 0.16775045681560175,
 0.13085203132628057,
 0.16825731780111997,
 0.17712784294349265,
 0.18518170978286341,
 0.10975738833518416,
 0.15362848735728846,
 0.14233891409883234,
 0.12901143561557821,
 0.12614674997459424,
 0.14548323252017836,
 0.18097917553401643,
 0.14917879252171659,
 0.11946719828743285,
 0.1032347513851008,
 0.12473266447088455,
 0.12193739911295447,
 0.16253496872055848,
 0.12755374580336323,
 0.14700638885590372,
 0.17339235178930573,
 0.1226059083496903,
 0.14733710590054949,
 0.13238890685858212,
 0.1201549495445608,
 0.12992107169843387,
 0.1251257397103045,
 0.16809128641023735,
 0.1044123917338074,
 0.11101794429987166,
 0.19300472217744957,
 0.14951880376076651,
 0.16600934752040886,
 0.16684146758886076,
 0.1741625527305839,
 0.13764323268299811,
 0.14278752427713975,
 0.18717965723843646,
 0.15563381914397384,
 0.16841236775397145,
 0.16131647467902266,
 0.169917516=============================================
#                  args                     #
=============================================
{'B': 800,
 'M': 130,
 'N': 8,
 'alpha': 0.64000000000000001,
 'beta': 30.0,
 'h_max': 4,
 'p_min': 50.0,
 'p_th': 0.01,
 'size': (300, 300),
 'sp_max': 0.20000000000000001,
 'sp_min': 0.10000000000000001,
 'times': 10,
 'worker': 10}
=============================================
#            candidate chargers             #
=============================================
8 chargers generated:
[(0, 202, 21),
 (1, 264, 131),
 (2, 266, 122),
 (3, 126, 270),
 (4, 208, 86),
 (5, 204, 98),
 (6, 165, 136),
 (7, 28, 137)]
=============================================
#                 sensors                   #
=============================================
130 sensors generated.
[(0, 159, 36),
 (1, 52, 293),
 (2, 273, 192),
 (3, 128, 170),
 (4, 62, 16),
 (5, 170, 184),
 (6, 20, 142),
 (7, 207, 235),
 (8, 83, 1),
 (9, 106, 223),
 (10, 291, 237),
 (11, 228, 16),
 (12, 88, 242),
 (13, 135, 24),
 (14, 42, 189),
 (15, 269, 181),
 (16, 297, 205),
 (17, 287, 190),
 (18, 182, 15),
 (19, 237, 155),
 (20, 85, 269),
 (21, 7, 110),
 (22, 151, 151),
 (23, 13, 241),
 (24, 300, 210),
 (25, 258, 142),
 (26, 257, 283),
 (27, 179, 100),
 (28, 286, 263),
 (29, 278, 92),
 (30, 262, 192),
 (31, 295, 217),
 (32, 31, 102),
 (33, 151, 79),
 (34, 230, 101),
 (35, 159, 292),
 (36, 160, 191),
 (37, 90, 106),
 (38, 246, 253),
 (39, 233, 207),
 (40, 98, 11),
 (41, 133, 27),
 (42, 153, 31),
 (43, 58, 2),
 (44, 245, 201),
 (45, 217, 145),
 (46, 40, 214),
 (47, 28, 17),
 (48, 265, 14),
 (49, 298, 297),
 (50, 247, 110),
 (51, 195, 121),
 (52, 261, 298),
 (53, 267, 258),
 (54, 66, 240),
 (55, 251, 133),
 (56, 296, 19),
 (57, 172, 97),
 (58, 182, 182),
 (59, 165, 300),
 (60, 277, 230),
 (61, 285, 215),
 (62, 277, 20),
 (63, 84, 73),
 (64, 8, 188),
 (65, 4, 246),
 (66, 142, 280),
 (67, 17, 3),
 (68, 180, 22),
 (69, 16, 300),
 (70, 176, 229),
 (71, 19, 111),
 (72, 175, 292),
 (73, 129, 23),
 (74, 119, 89),
 (75, 98, 254),
 (76, 212, 139),
 (77, 45, 190),
 (78, 203, 101),
 (79, 2, 115),
 (80, 25, 21),
 (81, 35, 48),
 (82, 24, 51),
 (83, 247, 285),
 (84, 21, 143),
 (85, 54, 185),
 (86, 88, 0),
 (87, 151, 154),
 (88, 120, 147),
 (89, 258, 109),
 (90, 49, 228),
 (91, 178, 93),
 (92, 15, 4),
 (93, 258, 216),
 (94, 236, 25),
 (95, 56, 44),
 (96, 251, 42),
 (97, 28, 90),
 (98, 120, 20),
 (99, 165, 59),
 (100, 154, 106),
 (101, 241, 188),
 (102, 26, 239),
 (103, 83, 224),
 (104, 138, 204),
 (105, 35, 281),
 (106, 288, 259),
 (107, 254, 58),
 (108, 225, 53),
 (109, 251, 162),
 (110, 138, 291),
 (111, 70, 248),
 (112, 77, 253),
 (113, 268, 33),
 (114, 109, 51),
 (115, 180, 285),
 (116, 85, 62),
 (117, 15, 241),
 (118, 290, 19),
 (119, 175, 255),
 (120, 203, 160),
 (121, 133, 214),
 (122, 111, 205),
 (123, 261, 149),
 (124, 253, 32),
 (125, 35, 212),
 (126, 71, 129),
 (127, 155, 292),
 (128, 290, 73),
 (129, 122, 255)]
=============================================
#                sensor's P                 #
=============================================
130 sensor's P generated.
[0.18091977943545687,
 0.12861205818570914,
 0.11793268137563388,
 0.18838292143858062,
 0.14555597129282416,
 0.19934545177641688,
 0.12058919161885112,
 0.15709392418611184,
 0.11678167011779546,
 0.18096450777523579,
 0.13989154188225705,
 0.12064551353353752,
 0.11728615926880576,
 0.13197241665828829,
 0.135574910939356,
 0.11998274996717627,
 0.18242243921211695,
 0.17074530048981901,
 0.12000522604926211,
 0.12238637042820943,
 0.14930820294185904,
 0.17992601414523834,
 0.19880420739468951,
 0.11794638419177325,
 0.12952146403631315,
 0.1905984739700235,
 0.13625315723560072,
 0.17081127398232054,
 0.15919223363211282,
 0.19889631255178464,
 0.10966428638693991,
 0.17301575774304834,
 0.15197116434567798,
 0.104686110346392,
 0.12380806618307628,
 0.19859846352076244,
 0.10611483004484679,
 0.17815920576167832,
 0.10557076699947845,
 0.14867483870965081,
 0.17897796174735317,
 0.19215417174882585,
 0.15270096179219739,
 0.10179683034460284,
 0.1343025524888=============================================
#                  args                     #
=============================================
{'B': 800,
 'M': 130,
 'N': 8,
 'alpha': 0.64000000000000001,
 'beta': 30.0,
 'h_max': 4,
 'p_min': 50.0,
 'p_th': 0.01,
 'size': (300, 300),
 'sp_max': 0.20000000000000001,
 'sp_min': 0.10000000000000001,
 'times': 10,
 'worker': 10}
=============================================
#            candidate chargers             #
=============================================
8 chargers generated:
[(0, 103, 186),
 (1, 84, 171),
 (2, 277, 156),
 (3, 30, 116),
 (4, 42, 126),
 (5, 35, 152),
 (6, 46, 258),
 (7, 207, 70)]
=============================================
#                 sensors                   #
=============================================
130 sensors generated.
[(0, 88, 175),
 (1, 177, 128),
 (2, 16, 92),
 (3, 186, 38),
 (4, 243, 42),
 (5, 119, 169),
 (6, 281, 5),
 (7, 56, 224),
 (8, 82, 140),
 (9, 3, 87),
 (10, 40, 82),
 (11, 286, 22),
 (12, 222, 108),
 (13, 40, 75),
 (14, 78, 180),
 (15, 55, 20),
 (16, 205, 50),
 (17, 296, 171),
 (18, 130, 162),
 (19, 219, 170),
 (20, 170, 30),
 (21, 258, 257),
 (22, 28, 134),
 (23, 85, 83),
 (24, 197, 257),
 (25, 128, 214),
 (26, 202, 29),
 (27, 123, 26),
 (28, 235, 300),
 (29, 116, 275),
 (30, 219, 168),
 (31, 105, 32),
 (32, 283, 116),
 (33, 28, 67),
 (34, 154, 166),
 (35, 83, 83),
 (36, 240, 93),
 (37, 290, 185),
 (38, 239, 5),
 (39, 221, 142),
 (40, 164, 167),
 (41, 124, 275),
 (42, 71, 168),
 (43, 179, 95),
 (44, 188, 30),
 (45, 124, 281),
 (46, 260, 260),
 (47, 60, 266),
 (48, 176, 33),
 (49, 280, 168),
 (50, 148, 124),
 (51, 66, 230),
 (52, 83, 266),
 (53, 268, 237),
 (54, 85, 97),
 (55, 169, 51),
 (56, 77, 84),
 (57, 15, 55),
 (58, 236, 296),
 (59, 121, 238),
 (60, 41, 293),
 (61, 249, 100),
 (62, 217, 144),
 (63, 142, 105),
 (64, 291, 25),
 (65, 40, 70),
 (66, 221, 166),
 (67, 71, 70),
 (68, 203, 182),
 (69, 100, 127),
 (70, 95, 93),
 (71, 228, 288),
 (72, 141, 202),
 (73, 22, 133),
 (74, 254, 101),
 (75, 287, 264),
 (76, 299, 72),
 (77, 263, 283),
 (78, 254, 148),
 (79, 164, 118),
 (80, 148, 14),
 (81, 162, 14),
 (82, 259, 278),
 (83, 60, 232),
 (84, 133, 294),
 (85, 175, 241),
 (86, 245, 298),
 (87, 63, 132),
 (88, 16, 132),
 (89, 172, 290),
 (90, 79, 278),
 (91, 254, 129),
 (92, 149, 213),
 (93, 207, 196),
 (94, 2, 267),
 (95, 150, 255),
 (96, 109, 71),
 (97, 43, 286),
 (98, 290, 204),
 (99, 276, 294),
 (100, 117, 249),
 (101, 41, 49),
 (102, 257, 202),
 (103, 94, 39),
 (104, 68, 179),
 (105, 270, 47),
 (106, 199, 207),
 (107, 3, 9),
 (108, 230, 155),
 (109, 239, 101),
 (110, 61, 20),
 (111, 264, 160),
 (112, 135, 33),
 (113, 277, 61),
 (114, 206, 46),
 (115, 221, 236),
 (116, 196, 138),
 (117, 297, 292),
 (118, 189, 100),
 (119, 135, 8),
 (120, 208, 235),
 (121, 61, 56),
 (122, 95, 36),
 (123, 11, 57),
 (124, 6, 50),
 (125, 37, 114),
 (126, 260, 255),
 (127, 247, 215),
 (128, 176, 287),
 (129, 209, 210)]
=============================================
#                sensor's P                 #
=============================================
130 sensor's P generated.
[0.18684575753915222,
 0.13586196000044254,
 0.17929233335737169,
 0.11645283728566201,
 0.16344944398209316,
 0.12649461983259808,
 0.10530334293300014,
 0.10161134166299809,
 0.10203665520758139,
 0.19944666024584612,
 0.15164571457962578,
 0.13954266740663798,
 0.11464399987494628,
 0.14011304353953785,
 0.11088422399108261,
 0.11914794034297889,
 0.12865859758205958,
 0.1300537988838143,
 0.14200969864560006,
 0.19214701908120904,
 0.17001196664985918,
 0.16644813684394053,
 0.17815307240358214,
 0.1691544692453234,
 0.12384249344438125,
 0.15968702696583051,
 0.19862995799776556,
 0.1372224821520891,
 0.14429285363926708,
 0.16603764777789884,
 0.10454936874849885,
 0.10294942172686372,
 0.15065403564166063,
 0.18831315639428078,
 0.15358889131365819,
 0.13140615038915276,
 0.17602132720944361,
 0.11512365236741236,
 0.13084432208642499,
 0.18710092649991977,
 0.14377194497217785,
 0.1918075976963714,
 0.13669046633693721,
 0.18070826420899944,
 0.126979319584224=============================================
#                  args                     #
=============================================
{'B': 800,
 'M': 130,
 'N': 8,
 'alpha': 0.64000000000000001,
 'beta': 30.0,
 'h_max': 4,
 'p_min': 50.0,
 'p_th': 0.01,
 'size': (300, 300),
 'sp_max': 0.20000000000000001,
 'sp_min': 0.10000000000000001,
 'times': 10,
 'worker': 10}
=============================================
#            candidate chargers             #
=============================================
8 chargers generated:
[(0, 281, 65),
 (1, 43, 1),
 (2, 109, 258),
 (3, 230, 101),
 (4, 232, 264),
 (5, 24, 151),
 (6, 78, 235),
 (7, 229, 148)]
=============================================
#                 sensors                   #
=============================================
130 sensors generated.
[(0, 133, 46),
 (1, 262, 38),
 (2, 244, 287),
 (3, 92, 206),
 (4, 216, 260),
 (5, 292, 179),
 (6, 106, 113),
 (7, 86, 275),
 (8, 181, 116),
 (9, 209, 145),
 (10, 25, 154),
 (11, 151, 42),
 (12, 278, 102),
 (13, 234, 112),
 (14, 266, 37),
 (15, 27, 293),
 (16, 243, 178),
 (17, 9, 51),
 (18, 7, 213),
 (19, 150, 13),
 (20, 65, 139),
 (21, 50, 225),
 (22, 260, 210),
 (23, 17, 290),
 (24, 270, 85),
 (25, 253, 276),
 (26, 193, 92),
 (27, 225, 196),
 (28, 295, 85),
 (29, 31, 111),
 (30, 164, 298),
 (31, 247, 244),
 (32, 199, 31),
 (33, 141, 109),
 (34, 193, 211),
 (35, 89, 240),
 (36, 187, 193),
 (37, 211, 38),
 (38, 104, 126),
 (39, 80, 227),
 (40, 83, 44),
 (41, 33, 174),
 (42, 192, 279),
 (43, 87, 94),
 (44, 260, 201),
 (45, 120, 135),
 (46, 191, 56),
 (47, 9, 83),
 (48, 293, 146),
 (49, 77, 83),
 (50, 59, 14),
 (51, 196, 292),
 (52, 70, 23),
 (53, 72, 27),
 (54, 293, 252),
 (55, 283, 94),
 (56, 282, 101),
 (57, 62, 253),
 (58, 56, 299),
 (59, 182, 64),
 (60, 84, 168),
 (61, 268, 280),
 (62, 175, 180),
 (63, 39, 168),
 (64, 46, 161),
 (65, 276, 123),
 (66, 224, 96),
 (67, 288, 300),
 (68, 187, 179),
 (69, 230, 225),
 (70, 225, 158),
 (71, 126, 257),
 (72, 131, 93),
 (73, 215, 159),
 (74, 0, 239),
 (75, 204, 266),
 (76, 129, 218),
 (77, 58, 184),
 (78, 193, 241),
 (79, 235, 217),
 (80, 247, 101),
 (81, 275, 236),
 (82, 190, 54),
 (83, 191, 16),
 (84, 184, 256),
 (85, 105, 31),
 (86, 278, 76),
 (87, 175, 21),
 (88, 80, 111),
 (89, 36, 299),
 (90, 11, 174),
 (91, 34, 155),
 (92, 281, 91),
 (93, 97, 132),
 (94, 194, 297),
 (95, 185, 196),
 (96, 175, 20),
 (97, 241, 133),
 (98, 100, 16),
 (99, 152, 193),
 (100, 64, 146),
 (101, 134, 187),
 (102, 192, 89),
 (103, 202, 129),
 (104, 68, 115),
 (105, 234, 226),
 (106, 85, 229),
 (107, 261, 251),
 (108, 41, 275),
 (109, 146, 224),
 (110, 154, 271),
 (111, 31, 190),
 (112, 31, 263),
 (113, 244, 159),
 (114, 212, 192),
 (115, 123, 109),
 (116, 90, 136),
 (117, 280, 54),
 (118, 129, 102),
 (119, 116, 167),
 (120, 131, 92),
 (121, 132, 196),
 (122, 50, 268),
 (123, 105, 265),
 (124, 163, 140),
 (125, 107, 95),
 (126, 264, 125),
 (127, 292, 125),
 (128, 258, 9),
 (129, 286, 216)]
=============================================
#                sensor's P                 #
=============================================
130 sensor's P generated.
[0.18048126743934884,
 0.17235150923194337,
 0.1811409580129813,
 0.15084511051943816,
 0.10108615201488458,
 0.18831685362263348,
 0.11253673168852571,
 0.11925643256902269,
 0.18111789688307806,
 0.1802592576554701,
 0.15332473282327558,
 0.19705154494703564,
 0.1646083116488341,
 0.18295777247657841,
 0.18084623017353324,
 0.16259986856790637,
 0.17078435474905518,
 0.16307940957812511,
 0.17344067487058815,
 0.14997828046231837,
 0.13894509007137051,
 0.12727531190245778,
 0.14523140611822344,
 0.19455023678785344,
 0.12578985143119864,
 0.12755385438464042,
 0.12447287316854169,
 0.19665047764419691,
 0.1584882625846924,
 0.16643200238675246,
 0.13270799387668281,
 0.18894906604704118,
 0.12276777358863017,
 0.18617555942856609,
 0.12196720445001488,
 0.10678081759997139,
 0.18976622680493838,
 0.19633304585412811,
 0.12915693263237255,
 0.13127650923603795,
 0.14761260465348883,
 0.16802084784984028,
 0.1171738719476397,
 0.13512313646636073,
 0.1=============================================
#                  args                     #
=============================================
{'B': 800,
 'M': 130,
 'N': 8,
 'alpha': 0.64000000000000001,
 'beta': 30.0,
 'h_max': 4,
 'p_min': 50.0,
 'p_th': 0.01,
 'size': (300, 300),
 'sp_max': 0.20000000000000001,
 'sp_min': 0.10000000000000001,
 'times': 10,
 'worker': 10}
=============================================
#            candidate chargers             #
=============================================
8 chargers generated:
[(0, 16, 97),
 (1, 32, 174),
 (2, 271, 215),
 (3, 183, 20),
 (4, 79, 69),
 (5, 143, 236),
 (6, 153, 110),
 (7, 90, 106)]
=============================================
#                 sensors                   #
=============================================
130 sensors generated.
[(0, 58, 16),
 (1, 64, 126),
 (2, 268, 198),
 (3, 168, 199),
 (4, 191, 180),
 (5, 204, 156),
 (6, 103, 59),
 (7, 183, 63),
 (8, 271, 59),
 (9, 14, 95),
 (10, 103, 46),
 (11, 273, 198),
 (12, 220, 218),
 (13, 60, 179),
 (14, 228, 25),
 (15, 154, 299),
 (16, 7, 45),
 (17, 243, 60),
 (18, 253, 294),
 (19, 73, 206),
 (20, 220, 83),
 (21, 100, 183),
 (22, 156, 76),
 (23, 55, 230),
 (24, 251, 289),
 (25, 273, 78),
 (26, 208, 153),
 (27, 98, 86),
 (28, 202, 185),
 (29, 140, 255),
 (30, 276, 93),
 (31, 44, 11),
 (32, 171, 234),
 (33, 113, 276),
 (34, 159, 126),
 (35, 184, 61),
 (36, 61, 288),
 (37, 99, 14),
 (38, 69, 155),
 (39, 68, 288),
 (40, 256, 3),
 (41, 256, 182),
 (42, 80, 47),
 (43, 33, 0),
 (44, 286, 282),
 (45, 4, 33),
 (46, 237, 47),
 (47, 90, 58),
 (48, 240, 123),
 (49, 231, 251),
 (50, 194, 20),
 (51, 233, 199),
 (52, 90, 90),
 (53, 224, 73),
 (54, 198, 68),
 (55, 30, 25),
 (56, 290, 168),
 (57, 15, 9),
 (58, 185, 166),
 (59, 16, 272),
 (60, 61, 64),
 (61, 142, 225),
 (62, 55, 252),
 (63, 119, 0),
 (64, 234, 131),
 (65, 297, 248),
 (66, 240, 259),
 (67, 266, 218),
 (68, 155, 286),
 (69, 239, 189),
 (70, 28, 84),
 (71, 153, 106),
 (72, 71, 30),
 (73, 229, 20),
 (74, 93, 271),
 (75, 124, 108),
 (76, 288, 130),
 (77, 219, 61),
 (78, 31, 257),
 (79, 201, 183),
 (80, 207, 280),
 (81, 118, 73),
 (82, 53, 1),
 (83, 164, 198),
 (84, 284, 16),
 (85, 213, 175),
 (86, 5, 293),
 (87, 204, 43),
 (88, 82, 52),
 (89, 64, 180),
 (90, 100, 8),
 (91, 220, 122),
 (92, 11, 11),
 (93, 65, 187),
 (94, 262, 93),
 (95, 295, 1),
 (96, 123, 249),
 (97, 183, 18),
 (98, 214, 294),
 (99, 195, 184),
 (100, 257, 270),
 (101, 85, 184),
 (102, 172, 9),
 (103, 139, 264),
 (104, 49, 158),
 (105, 294, 183),
 (106, 34, 224),
 (107, 226, 5),
 (108, 149, 261),
 (109, 135, 112),
 (110, 118, 55),
 (111, 202, 216),
 (112, 202, 252),
 (113, 157, 130),
 (114, 73, 203),
 (115, 149, 276),
 (116, 96, 139),
 (117, 219, 232),
 (118, 56, 99),
 (119, 252, 247),
 (120, 42, 60),
 (121, 127, 19),
 (122, 57, 136),
 (123, 271, 44),
 (124, 217, 288),
 (125, 243, 223),
 (126, 99, 293),
 (127, 85, 170),
 (128, 16, 206),
 (129, 18, 157)]
=============================================
#                sensor's P                 #
=============================================
130 sensor's P generated.
[0.1044879875862241,
 0.13533363793857239,
 0.10229895080269126,
 0.14692868085181948,
 0.12227421913390275,
 0.1169126924368364,
 0.10372538569613617,
 0.16580922279412758,
 0.18287316364582867,
 0.13145674066972352,
 0.15169009934527095,
 0.12035348811702203,
 0.15670996160247347,
 0.10437567392111102,
 0.19157136844292241,
 0.11627281611737617,
 0.15191926585690196,
 0.11196865513911766,
 0.12040218494542702,
 0.17407508080207704,
 0.1837485986051251,
 0.17879917044226828,
 0.1330622121135504,
 0.17938424510514506,
 0.17818437465590911,
 0.11107711482874559,
 0.1663170401509429,
 0.11798371662631028,
 0.14300121374683444,
 0.11383202729674696,
 0.14505770018871145,
 0.18955723253493323,
 0.18131006846656178,
 0.16704522635822922,
 0.15024424607779291,
 0.17077135234186203,
 0.17926030209438326,
 0.16000181283457354,
 0.14294014423672921,
 0.1810823068505186,
 0.18872981865839927,
 0.1198492825004402,
 0.17741276723926816,
 0.18168528590259192,
 0.17432173862547901,
 0.137385649812958954593,
 0.1179614617261845,
 0.12349904582565834,
 0.16631613850617055,
 0.10763591878159798,
 0.19031408604768058,
 0.10763914033223859,
 0.12429707302048285,
 0.17993313241464248,
 0.13010228331114146,
 0.13698356094261629,
 0.10740122558040349,
 0.16045794537945224,
 0.13908024443662284,
 0.18535049184321312,
 0.18584503807949956,
 0.17647306174225627,
 0.10380010663570374,
 0.17641359760938713,
 0.13800617464631165,
 0.15631013925615572,
 0.1937907397088042,
 0.11228779626326647,
 0.12493249203076645,
 0.18267698144209793,
 0.12237209498818742,
 0.14621166166214369,
 0.10605057032343745,
 0.14660973767418234,
 0.15671035973831679,
 0.14656408106780972,
 0.11651140811914246,
 0.1627521409749963,
 0.1825550251464042,
 0.10333846192112461,
 0.16565957168047374,
 0.17570321169409034,
 0.16464330304571778,
 0.12100765711912713,
 0.19614216658869479,
 0.19227285777295894,
 0.13458944816702972,
 0.14397658407500413,
 0.16362985585127238,
 0.14888093311532161,
 0.14088440069774383,
 0.12242607219298313,
 0.16739934986780342,
 0.17486959431256716,
 0.11855074422672475,
 0.11753821002604171,
 0.14786453235411667,
 0.15449752504886613,
 0.19355627568067213,
 0.19319082134084259,
 0.18050752721957786,
 0.1356537859715547,
 0.14986246165022138,
 0.19634134278339527,
 0.14351105892881694,
 0.16740077276367854,
 0.16628469092516274,
 0.17656196504527577,
 0.18741987968845328,
 0.11604774315787819,
 0.14934828379947254,
 0.16042885033308402,
 0.12560539315087965,
 0.19855845726227714,
 0.19486674457091954,
 0.16202557157722994,
 0.10467822530132413,
 0.18819188589448049,
 0.19691261029840301,
 0.11696889627846185,
 0.15055175826428385,
 0.15820795055753539,
 0.15359835613823075,
 0.10512491078443614,
 0.1558432033915845,
 0.18488815998631686,
 0.12883081530817836,
 0.11698780227149942,
 0.1286655874445243,
 0.1900866782906713,
 0.16348778550393556]
=============================================
#           optimal power levels            #
=============================================
[4, 4, 4, 4, 4, 4, 4, 4]
=============================================
#           result of greedy part           #
=============================================
(2.4312034551341641,
 [(7, 218, 82), (3, 226, 232), (0, 159, 220), (5, 264, 66)],
 [4, 4, 4, 4])
=============================================
#           result of greedy part           #
=============================================
(2.4312034551341641,
 [(7, 218, 82), (3, 226, 232), (0, 159, 220), (5, 264, 66)],
 [4, 4, 4, 4])
=============================================
#                solution A                 #
=============================================
(2.4312034551341641,
 [(7, 218, 82), (3, 226, 232), (0, 159, 220), (5, 264, 66)],
 [4, 4, 4, 4])
=============================================
#           result of greedy part           #
=============================================
(2.4312034551341641,
 {(0, 159, 220): 4, (3, 226, 232): 4, (5, 264, 66): 4, (7, 218, 82): 4},
 [(7, 218, 82), (3, 226, 232), (0, 159, 220), (5, 264, 66)],
 [4, 4, 4, 4])
=============================================
#           result of greedy part           #
=============================================
(2.4312034551341641,
 {(0, 159, 220): 4, (3, 226, 232): 4, (5, 264, 66): 4, (7, 218, 82): 4},
 [(7, 218, 82), (3, 226, 232), (0, 159, 220), (5, 264, 66)],
 [4, 4, 4, 4])
=============================================
#       utilize the remaining budget        #
=============================================
Budget : 800.000000
=============================================
#                solution B                 #
=============================================
(2.4312034551341641,
 [(3, 226, 232), (0, 159, 220), (5, 264, 66), (7, 218, 82)],
 [4, 4, 4, 4])
=============================================
#               random h list               #
=============================================
[1, 3, 0, 4, 0, 3, 2, 0]
=============================================
#               solution Ran                #
=============================================
(1.435683270135675,
 [(0, 159, 220), (1, 140.11262469606616443,
 0.15488027281307815,
 0.15210743210200101,
 0.19369465569208211,
 0.18307352520658152,
 0.19281454063133935,
 0.17490939028209312,
 0.1553220909869395,
 0.1675114512683766,
 0.15992676052440349,
 0.16504304796579333,
 0.11891749443665754,
 0.10374777492325443,
 0.16445942731318369,
 0.11675081263610032,
 0.1195206860257229,
 0.18944537282370863,
 0.16119985991350566,
 0.15207194939658453,
 0.12873906751250805,
 0.19328006034324099,
 0.16197084374520784,
 0.10905492618148793,
 0.17917214474694648,
 0.19348294350200987,
 0.11992417050559734,
 0.16612910722123825,
 0.13022206999921146,
 0.12410921773518918,
 0.12125029994175332,
 0.17325184432171331,
 0.16301970778535546,
 0.12157855141401963,
 0.18251700609567134,
 0.11081805561572508,
 0.1529291777505993,
 0.1812903052619815,
 0.13882421807718201,
 0.10559507830133788,
 0.10296059016709129,
 0.16064516934397785,
 0.19694295703022721,
 0.10450838032398037,
 0.10338601994451069,
 0.19805171607636596,
 0.18920711636187043,
 0.14086152297165305,
 0.1763309427697978,
 0.15562519165366598,
 0.10001780952206256,
 0.14176140609370746,
 0.16003942539844879,
 0.16622389755839384,
 0.12966287432493523,
 0.18213215410476302,
 0.1427307154159419,
 0.16563598293297543,
 0.18915905919506806,
 0.17465072706198981,
 0.116038545743193,
 0.10623340884733146,
 0.15952321709756662,
 0.18309407330109678,
 0.16575014052477571,
 0.12796233960494846,
 0.1156870601235585,
 0.11538390222864708,
 0.15324106502825044,
 0.1595086864903211,
 0.19038122498530552,
 0.16196815400117884,
 0.17689671236115095,
 0.12531105485924129,
 0.13712556114073479,
 0.18911818566493976,
 0.11353702457692531,
 0.12786496300913619,
 0.16694193494056553,
 0.12673756717961854,
 0.14330331654148715,
 0.13266229425292006,
 0.13169987501184441,
 0.14279531377740975,
 0.13864632118211712,
 0.19685134241287647]
=============================================
#           optimal power levels            #
=============================================
[4, 4, 4, 4, 4, 4, 4, 4]
=============================================
#           result of greedy part           #
=============================================
(2.3558798518579764,
 [(3, 186, 31), (0, 147, 72), (7, 158, 38), (4, 175, 224)],
 [4, 4, 4, 4])
=============================================
#           result of greedy part           #
=============================================
(2.3558798518579764,
 [(3, 186, 31), (0, 147, 72), (7, 158, 38), (4, 175, 224)],
 [4, 4, 4, 4])
=============================================
#                solution A                 #
=============================================
(2.3558798518579764,
 [(3, 186, 31), (0, 147, 72), (7, 158, 38), (4, 175, 224)],
 [4, 4, 4, 4])
=============================================
#           result of greedy part           #
=============================================
(2.3558798518579764,
 {(0, 147, 72): 4, (3, 186, 31): 4, (4, 175, 224): 4, (7, 158, 38): 4},
 [(3, 186, 31), (0, 147, 72), (7, 158, 38), (4, 175, 224)],
 [4, 4, 4, 4])
=============================================
#           result of greedy part           #
=============================================
(2.3142819650780635,
 {(0, 147, 72): 4, (3, 186, 31): 4, (7, 158, 38): 4},
 [(3, 186, 31), (0, 147, 72), (7, 158, 38), (0, 147, 72), (3, 186, 31)],
 [4, 4, 4, 3, 1])
=============================================
#       utilize the remaining budget        #
=============================================
Budget : 800.000000
=============================================
#                solution B                 #
=============================================
(2.3558798518579764,
 [(0, 147, 72), (4, 175, 224), (3, 186, 31), (7, 158, 38)],
 [4, 4, 4, 4])
=============================================
#               random h list               #
=============================================
[1, 2, 2, 4, 1, 4, 0, 2]
=============================================
#               solution Ran                #
=============================================
(1.6319960611486894,
 [(0, 147, 72),
  (1, 120, 197),
  (2, 137, 265),19,
 0.12118590515685157,
 0.1444712613735174,
 0.14029893421805423,
 0.14886561905216897,
 0.19875138657446254,
 0.11957469537106979,
 0.14712675697442479,
 0.15985227895823889,
 0.12237953668488712,
 0.16949657457550887,
 0.17030674476022994,
 0.16076331239367489,
 0.1913787695334985,
 0.1881165131600519,
 0.12825329556841863,
 0.19532277019681302,
 0.15282963611933592,
 0.11546474645736339,
 0.17428383045782742,
 0.1307925889709724,
 0.11100296230166407,
 0.19653852226437016,
 0.18457302299060097,
 0.10131950827291845,
 0.13779313241862967,
 0.16501264776799884,
 0.10493380464466207,
 0.16368662302289777,
 0.16051201564783249,
 0.18073609368234059,
 0.13700846634484201,
 0.16945855305505644,
 0.12252836033211062,
 0.1962330344871949,
 0.11231191284336406,
 0.18774840283078537,
 0.10528325492833226,
 0.19876562908352666,
 0.17458724463640907,
 0.12954591217329775,
 0.12641806462782476,
 0.11008351717507005,
 0.11399366644502938,
 0.13485502114400477,
 0.10811995555931696,
 0.16261989634775234,
 0.12037077375419936,
 0.11289874721896528,
 0.14317338827688428,
 0.18073815897408416,
 0.14817460499422527,
 0.10322928526401988,
 0.19363775585397722,
 0.11784289656307884,
 0.16484061409587952,
 0.12985105864327351,
 0.15565555574596279,
 0.19861484522850742,
 0.14004665900235205,
 0.1747428243115112,
 0.14636696161404697,
 0.12214494743774264,
 0.14741890267387367,
 0.11068838421900296,
 0.11255869094455273,
 0.15453906839822038,
 0.14622911797981109,
 0.10529174831392969,
 0.12604522826647307,
 0.18534032839793124,
 0.14932754280157798,
 0.15813983995998476,
 0.10389987755771196,
 0.11064658243751427,
 0.17111363326111756,
 0.16066964215329496,
 0.18053659799405666,
 0.1638089731179429,
 0.11779418862595938,
 0.159592761633578,
 0.19548455653672789,
 0.13459915625637908,
 0.17440598005491953,
 0.19638139214988118,
 0.17108978029146835]
=============================================
#           optimal power levels            #
=============================================
[4, 4, 4, 4, 4, 4, 4, 4]
=============================================
#           result of greedy part           #
=============================================
(2.4199130111514116,
 [(5, 204, 98), (1, 264, 131), (4, 208, 86), (2, 266, 122)],
 [4, 4, 4, 4])
=============================================
#           result of greedy part           #
=============================================
(2.4199130111514116,
 [(5, 204, 98), (1, 264, 131), (4, 208, 86), (2, 266, 122)],
 [4, 4, 4, 4])
=============================================
#                solution A                 #
=============================================
(2.4199130111514116,
 [(5, 204, 98), (1, 264, 131), (4, 208, 86), (2, 266, 122)],
 [4, 4, 4, 4])
=============================================
#           result of greedy part           #
=============================================
(2.4199130111514116,
 {(1, 264, 131): 4, (2, 266, 122): 4, (4, 208, 86): 4, (5, 204, 98): 4},
 [(5, 204, 98), (1, 264, 131), (4, 208, 86), (2, 266, 122)],
 [4, 4, 4, 4])
=============================================
#           result of greedy part           #
=============================================
(2.4199130111514116,
 {(1, 264, 131): 4, (2, 266, 122): 4, (4, 208, 86): 4, (5, 204, 98): 4},
 [(5, 204, 98), (1, 264, 131), (4, 208, 86), (2, 266, 122)],
 [4, 4, 4, 4])
=============================================
#       utilize the remaining budget        #
=============================================
Budget : 800.000000
=============================================
#                solution B                 #
=============================================
(2.4199130111514116,
 [(1, 264, 131), (5, 204, 98), (4, 208, 86), (2, 266, 122)],
 [4, 4, 4, 4])
=============================================
#               random h list               #
=============================================
[3, 3, 1, 0, 0, 4, 1, 2]
=============================================
#               solution Ran                #
=============================================
(1.581957186390923,
 [(0, 202, 21),
  (1, 264, 131),
9,
 0.18954455499448911,
 0.10429707790569288,
 0.16999240515066588,
 0.13132128996240894,
 0.17618066613002176,
 0.1623190589732067,
 0.1467930731877615,
 0.18865835443188622,
 0.12018503069292931,
 0.11416225363860821,
 0.14022545340563458,
 0.10882226881857804,
 0.10692665604887651,
 0.19217280843306017,
 0.12001688549246965,
 0.1382854891522689,
 0.10757975924238147,
 0.16593837061399763,
 0.18118701654805727,
 0.1851130781250391,
 0.10232845602489048,
 0.104008691248269,
 0.18833662780968941,
 0.13656355000363737,
 0.12591642789338336,
 0.17973890316128224,
 0.13067149459244309,
 0.16589608317248439,
 0.18940917759993903,
 0.12014498726845306,
 0.1993341866788636,
 0.14757358368132817,
 0.12876937223614021,
 0.16294102126899079,
 0.11444586242655867,
 0.1213002035789357,
 0.12768549046281918,
 0.10360741089739169,
 0.12425680736026626,
 0.10868640080793364,
 0.15751204270237937,
 0.11980552435756274,
 0.1582988770984077,
 0.1619839327935515,
 0.10939224412407375,
 0.17290396096458771,
 0.10097014985220584,
 0.1468393346813065,
 0.12396729640240131,
 0.12030917510742968,
 0.15259894250461295,
 0.16793125314863117,
 0.13066662275118618,
 0.18377827775333672,
 0.11418632947450674,
 0.14682517509176157,
 0.17967946030382423,
 0.17576619063797827,
 0.15875900589584582,
 0.17118104638276677,
 0.15196604177272693,
 0.12707150415201929,
 0.15380491511181871,
 0.10744373001932672,
 0.12363969096656063,
 0.10987739031383664,
 0.13358879056860362,
 0.17494313628515012,
 0.16852179645426299,
 0.18709606009651703,
 0.16441746460744985,
 0.15404815424207463,
 0.12870183649011682,
 0.13380484990695196,
 0.14507735539660108,
 0.17320124208202003,
 0.18843929155011963,
 0.11223188134705188,
 0.12420980684046085,
 0.19789659822351222,
 0.17936747740135178,
 0.17253931816528517,
 0.14796162168269006,
 0.18679103727665869,
 0.1278624057488357]
=============================================
#           optimal power levels            #
=============================================
[4, 4, 4, 4, 4, 4, 4, 4]
=============================================
#           result of greedy part           #
=============================================
(2.5392775924462256,
 [(3, 30, 116), (1, 84, 171), (4, 42, 126), (7, 207, 70)],
 [4, 4, 4, 4])
=============================================
#           result of greedy part           #
=============================================
(2.5392775924462256,
 [(3, 30, 116), (1, 84, 171), (4, 42, 126), (7, 207, 70)],
 [4, 4, 4, 4])
=============================================
#                solution A                 #
=============================================
(2.5392775924462256,
 [(3, 30, 116), (1, 84, 171), (4, 42, 126), (7, 207, 70)],
 [4, 4, 4, 4])
=============================================
#           result of greedy part           #
=============================================
(2.5392775924462256,
 {(1, 84, 171): 4, (3, 30, 116): 4, (4, 42, 126): 4, (7, 207, 70): 4},
 [(3, 30, 116), (1, 84, 171), (4, 42, 126), (7, 207, 70)],
 [4, 4, 4, 4])
=============================================
#           result of greedy part           #
=============================================
(2.4725151104663299,
 {(1, 84, 171): 4, (3, 30, 116): 4, (4, 42, 126): 4},
 [(3, 30, 116), (1, 84, 171), (4, 42, 126), (3, 30, 116), (1, 84, 171)],
 [4, 4, 4, 3, 1])
=============================================
#       utilize the remaining budget        #
=============================================
Budget : 800.000000
=============================================
#                solution B                 #
=============================================
(2.5392775924462256,
 [(3, 30, 116), (7, 207, 70), (1, 84, 171), (4, 42, 126)],
 [4, 4, 4, 4])
=============================================
#               random h list               #
=============================================
[0, 1, 3, 3, 0, 2, 2, 3]
=============================================
#               solution Ran                #
=============================================
(1.5516164277519544,
 [(1, 84, 171),
  (2, 277, 156),
  (3, 30, 116),
  (8444978,
 0.12555249842040581,
 0.14819152050318798,
 0.11861919421108247,
 0.15958946600656382,
 0.18118211256346736,
 0.16535206649590595,
 0.1208554663339686,
 0.11633271582574876,
 0.16433438329988953,
 0.18493745874943207,
 0.13751573823721441,
 0.10160901582330285,
 0.15854120033322949,
 0.1169909321027926,
 0.17675868934431055,
 0.12713494070630429,
 0.17568019598005721,
 0.12146085828614571,
 0.11325049906585639,
 0.15616409633760439,
 0.1450311303175737,
 0.18869861977552677,
 0.15802525097517331,
 0.10671925534466266,
 0.14421130152431874,
 0.14144758375984468,
 0.18671039206313919,
 0.14610996424809894,
 0.18594667426852249,
 0.10906699108314448,
 0.14931174252844936,
 0.11018433447481502,
 0.100947155811411,
 0.11158921284075476,
 0.13177984697480882,
 0.1357005344541912,
 0.12991701024145216,
 0.13376648659470308,
 0.18037322164003353,
 0.17713397400330044,
 0.11349331230142808,
 0.16396458495896052,
 0.10013026746284233,
 0.12541315583133505,
 0.16496084108317854,
 0.17377310060542661,
 0.16003678036262134,
 0.1143749835657204,
 0.14675482822169933,
 0.18995041335759716,
 0.19416222841979694,
 0.13768419777397709,
 0.10956043906638507,
 0.11770289614261897,
 0.17794716422823381,
 0.13202192852138137,
 0.10049553310311853,
 0.18925551658317935,
 0.13792583064914657,
 0.19623212702659248,
 0.10034967887149521,
 0.12550216997607802,
 0.18978946896273982,
 0.18924475951477263,
 0.15885501491093323,
 0.13593454276042866,
 0.13343663089624508,
 0.15440596448791383,
 0.16360693970882628,
 0.12985966648912062,
 0.14831567974427728,
 0.18468821769475233,
 0.18158729837823653,
 0.17467907164551916,
 0.17052946089578236,
 0.16027610216236157,
 0.18373754728377806,
 0.14237018327830925,
 0.12717761523545895,
 0.15550072003441626,
 0.12642043921212404,
 0.11719814023855195,
 0.16163990358728528,
 0.17356919236558566]
=============================================
#           optimal power levels            #
=============================================
[4, 4, 4, 4, 4, 4, 4, 4]
=============================================
#           result of greedy part           #
=============================================
(2.5418518024180008,
 [(2, 46, 81), (5, 29, 117), (0, 231, 85), (7, 9, 274)],
 [4, 4, 4, 4])
=============================================
#           result of greedy part           #
=============================================
(2.5418518024180008,
 [(2, 46, 81), (5, 29, 117), (0, 231, 85), (7, 9, 274)],
 [4, 4, 4, 4])
=============================================
#                solution A                 #
=============================================
(2.5418518024180008,
 [(2, 46, 81), (5, 29, 117), (0, 231, 85), (7, 9, 274)],
 [4, 4, 4, 4])
=============================================
#           result of greedy part           #
=============================================
(3.1434961438507689,
 {(2, 46, 81): 4, (5, 29, 117): 4},
 [(2, 46, 81), (5, 29, 117), (5, 29, 117), (2, 46, 81), (2, 46, 81)],
 [4, 4, 3, 3, 2])
=============================================
#           result of greedy part           #
=============================================
(3.1434961438507689,
 {(2, 46, 81): 4, (5, 29, 117): 4},
 [(2, 46, 81), (5, 29, 117), (5, 29, 117), (2, 46, 81), (2, 46, 81)],
 [4, 4, 3, 3, 2])
=============================================
#       utilize the remaining budget        #
=============================================
Budget : 800.000000
=============================================
#                solution B                 #
=============================================
(2.3740593270231236,
 [(1, 242, 2), (7, 9, 274), (2, 46, 81), (5, 29, 117)],
 [4, 4, 4, 4])
=============================================
#               random h list               #
=============================================
[1, 4, 1, 3, 1, 3, 3, 0]
=============================================
#               solution Ran                #
=============================================
(1.3835908631135088,
 [(0, 231, 85),
  (1, 242, 2),
  (2, 46, 81),
  (3, 20, 287),
  (4, 201, 300),
  (5, 29, 117),
  (6, 252, 282)],
 0285710457208808,
 0.13455012105646214,
 0.14364835796357106,
 0.15149854498183415,
 0.13524585544942652,
 0.13345958645724088,
 0.11872340826482675,
 0.16615006077106684,
 0.1152357492083341,
 0.15286144342648672,
 0.15594121291737567,
 0.17206680523194245,
 0.13306338406856344,
 0.12216399935447371,
 0.12795840876575759,
 0.11288472447182134,
 0.17532526580979665,
 0.12053009810020586,
 0.11453859941094202,
 0.14251897327941515,
 0.18380432396574309,
 0.19893690194729599,
 0.14203393830257341,
 0.18706002105890937,
 0.18890177136361264,
 0.14213680446683857,
 0.13580540744334085,
 0.13864981995872022,
 0.11554698533403958,
 0.174670921377958,
 0.18606931612196242,
 0.16143076640466603,
 0.12983897126075922,
 0.14273652654275004,
 0.18001080585988144,
 0.11173660346196718,
 0.19062370975168702,
 0.16749514011541924,
 0.19362951292174413,
 0.12060468254244422,
 0.13730403211404577,
 0.17719333330826884,
 0.15270082966440157,
 0.15545750891734841,
 0.18823448931623363,
 0.16987383970264036,
 0.10078726408956996,
 0.10306717111231968,
 0.139542001752023,
 0.15737969046496153,
 0.11139895711913915,
 0.11375130044872023,
 0.1021707413003792,
 0.19845156568448849,
 0.17628564222422113,
 0.12616398725325748,
 0.16170226142277982,
 0.15403835266189975,
 0.13307522924356868,
 0.15719244311051675,
 0.16516308835291627,
 0.18359466470033467,
 0.15135728247211119,
 0.14665007121180851,
 0.11794593288196797,
 0.17501119038687957,
 0.13520265345712512,
 0.11859196667589765,
 0.12656632552706326,
 0.17505070468351622,
 0.11816117785868263,
 0.13849217178029583,
 0.12535324549378132,
 0.12545224659853119,
 0.17071794681318198,
 0.12041639149324629,
 0.18451518449219639,
 0.14365060790920195,
 0.17474873021585752,
 0.13501955475379757,
 0.14301673958736114,
 0.13262345292736707,
 0.10108506881891854,
 0.1642342403023061,
 0.16352460804628294,
 0.16785221919035753]
=============================================
#           optimal power levels            #
=============================================
[4, 4, 4, 4, 4, 4, 4, 4]
=============================================
#           result of greedy part           #
=============================================
(2.8916899726863927,
 [(7, 229, 148), (3, 230, 101), (6, 78, 235), (4, 232, 264)],
 [4, 4, 4, 4])
=============================================
#           result of greedy part           #
=============================================
(2.8916899726863927,
 [(7, 229, 148), (3, 230, 101), (6, 78, 235), (4, 232, 264)],
 [4, 4, 4, 4])
=============================================
#                solution A                 #
=============================================
(2.8916899726863927,
 [(7, 229, 148), (3, 230, 101), (6, 78, 235), (4, 232, 264)],
 [4, 4, 4, 4])
=============================================
#           result of greedy part           #
=============================================
(2.8916899726863927,
 {(3, 230, 101): 4, (4, 232, 264): 4, (6, 78, 235): 4, (7, 229, 148): 4},
 [(7, 229, 148), (3, 230, 101), (6, 78, 235), (4, 232, 264)],
 [4, 4, 4, 4])
=============================================
#           result of greedy part           #
=============================================
(2.858299421795448,
 {(3, 230, 101): 4, (5, 24, 151): 1, (6, 78, 235): 4, (7, 229, 148): 4},
 [(7, 229, 148), (3, 230, 101), (6, 78, 235), (3, 230, 101), (5, 24, 151)],
 [4, 4, 4, 3, 1])
=============================================
#       utilize the remaining budget        #
=============================================
Budget : 800.000000
=============================================
#                solution B                 #
=============================================
(2.8916899726863927,
 [(6, 78, 235), (3, 230, 101), (4, 232, 264), (7, 229, 148)],
 [4, 4, 4, 4])
=============================================
#               random h list               #
=============================================
[4, 2, 2, 3, 0, 3, 2, 0]
=============================================
#               solution Ran                #
=============================================
(1.9412805820422633622,
 0.15436791481200154,
 0.10949184263541227,
 0.19905200558579472,
 0.13875990956618947,
 0.17929677076508285,
 0.10552963435402939,
 0.18304148148106034,
 0.10356196399541988,
 0.10485529478379436,
 0.19409243464644474,
 0.12338333058380425,
 0.14984389227055525,
 0.17520381433275478,
 0.18313707863802345,
 0.12107522764077988,
 0.16068995156323584,
 0.14388560548866436,
 0.14842432390907545,
 0.112515473268154,
 0.17033458619999473,
 0.11247968062846721,
 0.1007348739032744,
 0.11400493821369238,
 0.14512614177594024,
 0.18834127125610861,
 0.17374779763834863,
 0.10183371728199825,
 0.19952567908218721,
 0.19982547249607852,
 0.18950972076976647,
 0.16957818843891573,
 0.12674836447022514,
 0.12529515111656392,
 0.18263855288622294,
 0.19795656558228683,
 0.10309294546403702,
 0.11262093782159355,
 0.1885977140556262,
 0.14443204479073615,
 0.18283899957711652,
 0.13468165516659225,
 0.17263305500618914,
 0.11405418655886689,
 0.13312417742990645,
 0.13473958447347936,
 0.1598306877241546,
 0.19762975899127333,
 0.10310456075853539,
 0.16926844806360175,
 0.14366416256037323,
 0.10947303993268416,
 0.18483040641853909,
 0.17204055384954936,
 0.18113858146708406,
 0.11176280035702311,
 0.1478923523706433,
 0.10693443386361973,
 0.14539404384343102,
 0.17343721475283169,
 0.15111490100313818,
 0.18127663404301442,
 0.12830969689025826,
 0.15595561073426112,
 0.11610717436140885,
 0.16012745953837579,
 0.17601201430757499,
 0.17556188101815093,
 0.10488945804266921,
 0.14437006594965651,
 0.12953544118722216,
 0.17979161905191648,
 0.10655683557758938,
 0.15202033324173927,
 0.18332668367174679,
 0.10669125824612422,
 0.11604348347030322,
 0.18845713969678593,
 0.11563086655002572,
 0.18569885263799407,
 0.15483886964641758,
 0.12393654290914591,
 0.15974370845764327,
 0.11879837779902147,
 0.10060720573476228,
 0.18284842230619042]
=============================================
#           optimal power levels            #
=============================================
[4, 4, 4, 4, 4, 4, 4, 4]
=============================================
#           result of greedy part           #
=============================================
(2.7483588627479767,
 [(2, 192, 240), (7, 150, 215), (5, 47, 176), (0, 204, 288)],
 [4, 4, 4, 4])
=============================================
#           result of greedy part           #
=============================================
(2.7483588627479767,
 [(2, 192, 240), (7, 150, 215), (5, 47, 176), (0, 204, 288)],
 [4, 4, 4, 4])
=============================================
#                solution A                 #
=============================================
(2.7483588627479767,
 [(2, 192, 240), (7, 150, 215), (5, 47, 176), (0, 204, 288)],
 [4, 4, 4, 4])
=============================================
#           result of greedy part           #
=============================================
(2.7483588627479767,
 {(0, 204, 288): 4, (2, 192, 240): 4, (5, 47, 176): 4, (7, 150, 215): 4},
 [(2, 192, 240), (7, 150, 215), (5, 47, 176), (0, 204, 288)],
 [4, 4, 4, 4])
=============================================
#           result of greedy part           #
=============================================
(2.7642547986206591,
 {(2, 192, 240): 4, (5, 47, 176): 4, (7, 150, 215): 4},
 [(2, 192, 240), (7, 150, 215), (2, 192, 240), (5, 47, 176), (2, 192, 240)],
 [4, 4, 3, 4, 1])
=============================================
#       utilize the remaining budget        #
=============================================
Budget : 800.000000
=============================================
#                solution B                 #
=============================================
(2.5591717731513088,
 [(6, 174, 12), (5, 47, 176), (2, 192, 240), (7, 150, 215)],
 [4, 4, 4, 4])
=============================================
#               random h list               #
=============================================
[0, 1, 4, 3, 2, 2, 0, 4]
=============================================
#               solution Ran                #
=============================================
(2.259412038099319,
 [(1, 34, 112),
 203443,
 0.13785097991802686,
 0.19038154862890783,
 0.17007878113999098,
 0.17175331059860577,
 0.19191086154307796,
 0.13555111493040178,
 0.15039344640014446,
 0.17819391404781135,
 0.16750172712004102,
 0.14948476236495142,
 0.11412019560990301,
 0.11523202637716266,
 0.15639219749056638,
 0.18821071913373372,
 0.11342999544562005,
 0.1194781307180755,
 0.14310509957758763,
 0.12610362227141853,
 0.19301725930561225,
 0.13370723661879258,
 0.14397720150079163,
 0.11331937113563074,
 0.17459087297799852,
 0.16806177091813279,
 0.18474791104162036,
 0.13479583473004891,
 0.1172364495879565,
 0.16794221879738827,
 0.14222386690702046,
 0.15176857153311021,
 0.14465382901310406,
 0.1576919023012725,
 0.16981726829939175,
 0.10987746405347687,
 0.10250458604122986,
 0.18477640390137468,
 0.12140885469858544,
 0.16464987182492458,
 0.13949962903888832,
 0.15357321625269374,
 0.15727592764815349,
 0.14796316987672647,
 0.15392003020107145,
 0.12094807900164475,
 0.14684081715243183,
 0.12336275463515811,
 0.11978659325756064,
 0.10899650493315349,
 0.11238592379522207,
 0.14828803222848252,
 0.14463557169881425,
 0.1288371124604574,
 0.19822144842485578,
 0.10194899186920721,
 0.12170009788754588,
 0.14181953253517054,
 0.15635828114900327,
 0.14736732085673426,
 0.10396719071015292,
 0.15054124055049087,
 0.12377090325979137,
 0.14603553668926963,
 0.19506943573196142,
 0.17113027236530232,
 0.16804569650942425,
 0.17598205656055549,
 0.18409793719014894,
 0.17232741751323905,
 0.13457928163343863,
 0.16828334189789079,
 0.13055660283732123,
 0.14367213755098959,
 0.19688571780704578,
 0.19393686597718326,
 0.15453733683981799,
 0.17776663975738577,
 0.12589112808761058,
 0.10767999118939356,
 0.16370331625528833,
 0.17167094160573798,
 0.15383892046081901,
 0.12714340062111232,
 0.12182988211487721,
 0.15101091101519901,
 0.11846172655669955]
=============================================
#           optimal power levels            #
=============================================
[4, 4, 4, 4, 4, 4, 4, 4]
=============================================
#           result of greedy part           #
=============================================
(2.9501440739865239,
 [(5, 141, 258), (2, 162, 145), (3, 98, 251), (7, 225, 238)],
 [4, 4, 4, 4])
=============================================
#           result of greedy part           #
=============================================
(2.9501440739865239,
 [(5, 141, 258), (2, 162, 145), (3, 98, 251), (7, 225, 238)],
 [4, 4, 4, 4])
=============================================
#                solution A                 #
=============================================
(2.9501440739865239,
 [(5, 141, 258), (2, 162, 145), (3, 98, 251), (7, 225, 238)],
 [4, 4, 4, 4])
=============================================
#           result of greedy part           #
=============================================
(2.9501440739865239,
 {(2, 162, 145): 4, (3, 98, 251): 4, (5, 141, 258): 4, (7, 225, 238): 4},
 [(5, 141, 258), (2, 162, 145), (3, 98, 251), (7, 225, 238)],
 [4, 4, 4, 4])
=============================================
#           result of greedy part           #
=============================================
(2.9255130915862151,
 {(2, 162, 145): 4, (3, 98, 251): 4, (5, 141, 258): 4},
 [(5, 141, 258), (2, 162, 145), (5, 141, 258), (3, 98, 251), (5, 141, 258)],
 [4, 4, 3, 4, 1])
=============================================
#       utilize the remaining budget        #
=============================================
Budget : 800.000000
=============================================
#                solution B                 #
=============================================
(2.9501440739865239,
 [(2, 162, 145), (3, 98, 251), (7, 225, 238), (5, 141, 258)],
 [4, 4, 4, 4])
=============================================
#               random h list               #
=============================================
[3, 0, 4, 1, 1, 4, 0, 0]
=============================================
#               solution Ran                #
=============================================
(1.9780584997763644,
 [(0, 85, 220),397803798,
 0.19364339041384859,
 0.14043649017802251,
 0.10695172059948183,
 0.10757698566495937,
 0.19841379964115322,
 0.19038301441987288,
 0.19938772430332893,
 0.18513760181307692,
 0.1082138350529816,
 0.10436619110654641,
 0.18360867919551516,
 0.1400661335473819,
 0.10512059739206107,
 0.14647603211189725,
 0.17768321828496844,
 0.10480432183657028,
 0.15784261189003213,
 0.12923465496679415,
 0.10026455697662545,
 0.10053136668382827,
 0.19066846624212483,
 0.1430959904582042,
 0.10833966345787702,
 0.19874307841396721,
 0.13171743401668079,
 0.1279343278438872,
 0.13214184376332669,
 0.15438515673582637,
 0.15505062817549708,
 0.1975545573398905,
 0.19314486971789352,
 0.19084081543149273,
 0.1677917811483568,
 0.17226601155917703,
 0.15746421547142922,
 0.10323471815788213,
 0.1573527984573696,
 0.18311015442636547,
 0.19522516620211805,
 0.16563237352962168,
 0.13389243081132246,
 0.14376646809966143,
 0.10282937135732817,
 0.12551529855102792,
 0.17934528556046217,
 0.19826896222924928,
 0.10005704125759501,
 0.12457942042267207,
 0.18092366806576124,
 0.13417951238307374,
 0.15507880782552533,
 0.10000698039829009,
 0.11389528030330062,
 0.10231963306151386,
 0.19331706540302743,
 0.15630735526106462,
 0.10244024539689101,
 0.18409722276811866,
 0.16361416344539675,
 0.19393164734433335,
 0.14403356262365208,
 0.16090679131714464,
 0.1119831325461078,
 0.15489337899926209,
 0.15160438944945293,
 0.12862980803652804,
 0.13534156659309884,
 0.15681122112540602,
 0.11420607216026335,
 0.16289369858942671,
 0.12215266429448449,
 0.10837126404786229,
 0.10338735950433681,
 0.11493550186281477,
 0.16923545350442515,
 0.12533675728975938,
 0.15827537378587161,
 0.15030882246885841,
 0.19687913003571106,
 0.18833384726698066,
 0.18607773161482899,
 0.14673835355281062,
 0.16548104995974411,
 0.14959062605671339]
=============================================
#           optimal power levels            #
=============================================
[4, 4, 4, 4, 4, 4, 4, 4]
=============================================
#           result of greedy part           #
=============================================
(2.8108383984759597,
 [(6, 46, 151), (7, 9, 139), (3, 106, 63), (1, 249, 62)],
 [4, 4, 4, 4])
=============================================
#           result of greedy part           #
=============================================
(2.8108383984759597,
 [(6, 46, 151), (7, 9, 139), (3, 106, 63), (1, 249, 62)],
 [4, 4, 4, 4])
=============================================
#                solution A                 #
=============================================
(2.8108383984759597,
 [(6, 46, 151), (7, 9, 139), (3, 106, 63), (1, 249, 62)],
 [4, 4, 4, 4])
=============================================
#           result of greedy part           #
=============================================
(2.9243571180738721,
 {(3, 106, 63): 4, (6, 46, 151): 4, (7, 9, 139): 4},
 [(6, 46, 151), (7, 9, 139), (6, 46, 151), (3, 106, 63), (6, 46, 151)],
 [4, 4, 3, 4, 1])
=============================================
#           result of greedy part           #
=============================================
(3.0023569523915894,
 {(1, 249, 62): 3, (6, 46, 151): 4, (7, 9, 139): 4},
 [(6, 46, 151), (6, 46, 151), (6, 46, 151), (7, 9, 139), (1, 249, 62)],
 [4, 3, 2, 4, 3])
=============================================
#       utilize the remaining budget        #
=============================================
Budget : 800.000000
=============================================
#                solution B                 #
=============================================
(2.7265891622436884,
 [(7, 9, 139), (1, 249, 62), (0, 237, 169), (6, 46, 151)],
 [4, 4, 4, 4])
=============================================
#               random h list               #
=============================================
[2, 0, 1, 3, 4, 1, 1, 1]
=============================================
#               solution Ran                #
=============================================
(1.30695577965165,
 [(0, 237, 169),
  (2, 242, 234),
  (3, 106, 63),
  (4, 180, 233),
  (5579851,
 0.1401169940108595,
 0.10422804548985032,
 0.1904294086450567,
 0.16885487656819359,
 0.1184590322945194,
 0.19949802974440978,
 0.17767107564882001,
 0.12556431958122807,
 0.19885283211781157,
 0.19521351791433125,
 0.16693453978073999,
 0.11174948135162426,
 0.15216613639597554,
 0.14630299283727344,
 0.11447171078116467,
 0.16754972378893251,
 0.13054812517100522,
 0.17816839903487408,
 0.1003159197591621,
 0.14244328236040193,
 0.1043229137261012,
 0.14997697025361786,
 0.19588078199451076,
 0.18505502614363692,
 0.15543950548168137,
 0.10181859217004696,
 0.12726030525639906,
 0.14622777191601749,
 0.12810561012626373,
 0.19809085570774093,
 0.18243560557911639,
 0.18928045649998285,
 0.15108763748932558,
 0.19646248723521401,
 0.14045209614355489,
 0.13452995384891023,
 0.17302293298802013,
 0.145823535172035,
 0.19700526793296949,
 0.10750642975780283,
 0.12650082847413313,
 0.19447361728491749,
 0.15764261942308497,
 0.11440652065981605,
 0.16082097690503869,
 0.18782086118389382,
 0.18608994945329491,
 0.12718475159757242,
 0.15309772344108469,
 0.17287669032401229,
 0.12131096194724433,
 0.17606285445170949,
 0.16013163318969742,
 0.17965680411663412,
 0.13239737124063097,
 0.14851843231534656,
 0.18764878936551177,
 0.18003901512809012,
 0.14971934496049288,
 0.10953236004184072,
 0.10718719709186156,
 0.19642934619430627,
 0.1379251338122407,
 0.16654526590769031,
 0.10961432563851302,
 0.18099462671495697,
 0.16146976731893656,
 0.12077778286647203,
 0.14445154216549383,
 0.16420968987777629,
 0.13581596065404275,
 0.10632981436265654,
 0.17347717942285523,
 0.18698777310902895,
 0.12386168648389864,
 0.12599975648189801,
 0.1141235364434825,
 0.15069836285336002,
 0.17957445070785433,
 0.18648139575769435,
 0.16075175123722046,
 0.14851623574320005,
 0.12193045913397033,
 0.14187017690649797]
=============================================
#           optimal power levels            #
=============================================
[4, 4, 4, 4, 4, 4, 4, 4]
=============================================
#           result of greedy part           #
=============================================
(2.6249266117114471,
 [(4, 79, 69), (2, 271, 215), (7, 90, 106), (5, 143, 236)],
 [4, 4, 4, 4])
=============================================
#           result of greedy part           #
=============================================
(2.6249266117114471,
 [(4, 79, 69), (2, 271, 215), (7, 90, 106), (5, 143, 236)],
 [4, 4, 4, 4])
=============================================
#                solution A                 #
=============================================
(2.6249266117114471,
 [(4, 79, 69), (2, 271, 215), (7, 90, 106), (5, 143, 236)],
 [4, 4, 4, 4])
=============================================
#           result of greedy part           #
=============================================
(2.6249266117114471,
 {(2, 271, 215): 4, (4, 79, 69): 4, (5, 143, 236): 4, (7, 90, 106): 4},
 [(4, 79, 69), (2, 271, 215), (7, 90, 106), (5, 143, 236)],
 [4, 4, 4, 4])
=============================================
#           result of greedy part           #
=============================================
(2.5801708136726713,
 {(2, 271, 215): 4, (4, 79, 69): 4, (7, 90, 106): 4},
 [(4, 79, 69), (4, 79, 69), (2, 271, 215), (7, 90, 106), (4, 79, 69)],
 [4, 3, 4, 4, 1])
=============================================
#       utilize the remaining budget        #
=============================================
Budget : 800.000000
=============================================
#                solution B                 #
=============================================
(2.6249266117114471,
 [(2, 271, 215), (4, 79, 69), (7, 90, 106), (5, 143, 236)],
 [4, 4, 4, 4])
=============================================
#               random h list               #
=============================================
[0, 2, 2, 3, 3, 4, 2, 0]
=============================================
#               solution Ran                #
=============================================
(1.9945756639325489,
 [(1, 32, 174),
  (2, 271, 215),
  (3, 183, 20),
  (4, 79, 69)[1, 4, 1, 3, 1, 3, 3])
=============================================
#                update trace               #
=============================================
=============================================
#               solution Opt                #
=============================================
(2.5418518024180008,
 [(0, 231, 85), (2, 46, 81), (5, 29, 117), (7, 9, 274)],
 [4, 4, 4, 4])
5, 35, 152),
  (6, 46, 258),
  (7, 207, 70)],
 [1, 3, 3, 2, 2, 3])
=============================================
#                update trace               #
=============================================
=============================================
#               solution Opt                #
=============================================
(2.5392775924462256,
 [(1, 84, 171), (3, 30, 116), (4, 42, 126), (7, 207, 70)],
 [4, 4, 4, 4])
6, 26), (3, 226, 232), (5, 264, 66), (6, 113, 214)],
 [1, 3, 4, 3, 2])
=============================================
#                update trace               #
=============================================
=============================================
#               solution Opt                #
=============================================
(2.4312034551341641,
 [(0, 159, 220), (3, 226, 232), (5, 264, 66), (7, 218, 82)],
 [4, 4, 4, 4])
21668,
 [(0, 281, 65),
  (1, 43, 1),
  (2, 109, 258),
  (3, 230, 101),
  (5, 24, 151),
  (6, 78, 235)],
 [4, 2, 2, 3, 3, 2])
=============================================
#                update trace               #
=============================================
=============================================
#               solution Opt                #
=============================================
(2.8916899726863927,
 [(3, 230, 101), (4, 232, 264), (6, 78, 235), (7, 229, 148)],
 [4, 4, 4, 4])
 (2, 192, 240),
  (3, 132, 139),
  (4, 44, 157),
  (5, 47, 176),
  (7, 150, 215)],
 [1, 4, 3, 2, 2, 4])
=============================================
#                update trace               #
=============================================
=============================================
#               solution Opt                #
=============================================
(2.7483588627479763,
 [(0, 204, 288), (2, 192, 240), (5, 47, 176), (7, 150, 215)],
 [4, 4, 4, 4])
,
  (5, 143, 236),
  (6, 153, 110)],
 [2, 2, 3, 3, 4, 2])
=============================================
#                update trace               #
=============================================
=============================================
#               solution Opt                #
=============================================
(2.6249266117114471,
 [(2, 271, 215), (4, 79, 69), (5, 143, 236), (7, 90, 106)],
 [4, 4, 4, 4])
 (2, 162, 145), (3, 98, 251), (4, 250, 176), (5, 141, 258)],
 [3, 4, 1, 1, 4])
=============================================
#                update trace               #
=============================================
=============================================
#               solution Opt                #
=============================================
(2.9501440739865239,
 [(2, 162, 145), (3, 98, 251), (5, 141, 258), (7, 225, 238)],
 [4, 4, 4, 4])
  (2, 266, 122),
  (5, 204, 98),
  (6, 165, 136),
  (7, 28, 137)],
 [3, 3, 1, 4, 1, 2])
=============================================
#                update trace               #
=============================================
=============================================
#               solution Opt                #
=============================================
(2.4199130111514116,
 [(1, 264, 131), (2, 266, 122), (4, 208, 86), (5, 204, 98)],
 [4, 4, 4, 4])
, 1, 260),
  (6, 46, 151),
  (7, 9, 139)],
 [2, 1, 3, 4, 1, 1, 1])
=============================================
#                update trace               #
=============================================
=============================================
#               solution Opt                #
=============================================
(2.8108383984759597,
 [(1, 249, 62), (3, 106, 63), (6, 46, 151), (7, 9, 139)],
 [4, 4, 4, 4])

  (3, 186, 31),
  (4, 175, 224),
  (5, 64, 198),
  (7, 158, 38)],
 [1, 2, 2, 4, 1, 4, 2])
=============================================
#                update trace               #
=============================================
=============================================
#               solution Opt                #
=============================================
(2.3558798518579764,
 [(0, 147, 72), (3, 186, 31), (4, 175, 224), (7, 158, 38)],
 [4, 4, 4, 4])
{'B': 800,
 'M': 130,
 'N': 8,
 'alpha': 0.64000000000000001,
 'beta': 30.0,
 'h_max': 4,
 'p_min': 50.0,
 'p_th': 0.01,
 'size': (300, 300),
 'sp_max': 0.20000000000000001,
 'sp_min': 0.10000000000000001,
 'times': 10,
 'worker': 10}
[{'A': (2.6249266117114471,
        [(4, 79, 69), (2, 271, 215), (7, 90, 106), (5, 143, 236)],
        [4, 4, 4, 4]),
  'B': (2.6249266117114471,
        [(2, 271, 215), (4, 79, 69), (7, 90, 106), (5, 143, 236)],
        [4, 4, 4, 4]),
  'Opt': (2.6249266117114471,
          [(2, 271, 215), (4, 79, 69), (5, 143, 236), (7, 90, 106)],
          [4, 4, 4, 4]),
  'Random': (1.9945756639325489,
             [(1, 32, 174),
              (2, 271, 215),
              (3, 183, 20),
              (4, 79, 69),
              (5, 143, 236),
              (6, 153, 110)],
             [2, 2, 3, 3, 4, 2])},
 {'A': (2.7483588627479767,
        [(2, 192, 240), (7, 150, 215), (5, 47, 176), (0, 204, 288)],
        [4, 4, 4, 4]),
  'B': (2.5591717731513088,
        [(6, 174, 12), (5, 47, 176), (2, 192, 240), (7, 150, 215)],
        [4, 4, 4, 4]),
  'Opt': (2.7483588627479763,
          [(0, 204, 288), (2, 192, 240), (5, 47, 176), (7, 150, 215)],
          [4, 4, 4, 4]),
  'Random': (2.259412038099319,
             [(1, 34, 112),
              (2, 192, 240),
              (3, 132, 139),
              (4, 44, 157),
              (5, 47, 176),
              (7, 150, 215)],
             [1, 4, 3, 2, 2, 4])},
 {'A': (2.3558798518579764,
        [(3, 186, 31), (0, 147, 72), (7, 158, 38), (4, 175, 224)],
        [4, 4, 4, 4]),
  'B': (2.3558798518579764,
        [(0, 147, 72), (4, 175, 224), (3, 186, 31), (7, 158, 38)],
        [4, 4, 4, 4]),
  'Opt': (2.3558798518579764,
          [(0, 147, 72), (3, 186, 31), (4, 175, 224), (7, 158, 38)],
          [4, 4, 4, 4]),
  'Random': (1.6319960611486894,
             [(0, 147, 72),
              (1, 120, 197),
              (2, 137, 265),
              (3, 186, 31),
              (4, 175, 224),
              (5, 64, 198),
              (7, 158, 38)],
             [1, 2, 2, 4, 1, 4, 2])},
 {'A': (2.4199130111514116,
        [(5, 204, 98), (1, 264, 131), (4, 208, 86), (2, 266, 122)],
        [4, 4, 4, 4]),
  'B': (2.4199130111514116,
        [(1, 264, 131), (5, 204, 98), (4, 208, 86), (2, 266, 122)],
        [4, 4, 4, 4]),
  'Opt': (2.4199130111514116,
          [(1, 264, 131), (2, 266, 122), (4, 208, 86), (5, 204, 98)],
          [4, 4, 4, 4]),
  'Random': (1.581957186390923,
             [(0, 202, 21),
              (1, 264, 131),
              (2, 266, 122),
              (5, 204, 98),
              (6, 165, 136),
              (7, 28, 137)],
             [3, 3, 1, 4, 1, 2])},
 {'A': (2.5418518024180008,
        [(2, 46, 81), (5, 29, 117), (0, 231, 85), (7, 9, 274)],
        [4, 4, 4, 4]),
  'B': (2.3740593270231236,
        [(1, 242, 2), (7, 9, 274), (2, 46, 81), (5, 29, 117)],
        [4, 4, 4, 4]),
  'Opt': (2.5418518024180008,
          [(0, 231, 85), (2, 46, 81), (5, 29, 117), (7, 9, 274)],
          [4, 4, 4, 4]),
  'Random': (1.3835908631135088,
             [(0, 231, 85),
              (1, 242, 2),
              (2, 46, 81),
              (3, 20, 287),
              (4, 201, 300),
              (5, 29, 117),
              (6, 252, 282)],
             [1, 4, 1, 3, 1, 3, 3])},
 {'A': (2.4312034551341641,
        [(7, 218, 82), (3, 226, 232), (0, 159, 220), (5, 264, 66)],
        [4, 4, 4, 4]),
  'B': (2.4312034551341641,
        [(3, 226, 232), (0, 159, 220), (5, 264, 66), (7, 218, 82)],
        [4, 4, 4, 4]),
  'Opt': (2.4312034551341641,
          [(0, 159, 220), (3, 226, 232), (5, 264, 66), (7, 218, 82)],
          [4, 4, 4, 4]),
  'Random': (1.435683270135675,
             [(0, 159, 220),
              (1, 146, 26),
              (3, 226, 232),
              (5, 264, 66),
              (6, 113, 214)],
             [1, 3, 4, 3, 2])},
 {'A': (2.8108383984759597,
        [(6, 46, 151), (7, 9, 139), (3, 106, 63), (1, 249, 62)],
        [4, 4, 4, 4]),
  'B': (2.7265891622436884,
        [(7, 9, 139), (1, 249, 62), (0, 237, 169), (6, 46, 151)],
        [4, 4, 4, 4]),
  'Opt': (2.8108383984759597,
          [(1, 249, 62), (3, 106, 63), (6, 46, 151), (7, 9, 139)],
          [4, 4, 4, 4]),
  'Random': (1.30695577965165,
             [(0, 237, 169),
              (2, 242, 234),
              (3, 106, 63),
              (4, 180, 233),
              (5, 1, 260),
              (6, 46, 151),
              (7, 9, 139)],
             [2, 1, 3, 4, 1, 1, 1])},
 {'A': (2.5392775924462256,
        [(3, 30, 116), (1, 84, 171), (4, 42, 126), (7, 207, 70)],
        [4, 4, 4, 4]),
  'B': (2.5392775924462256,
        [(3, 30, 116), (7, 207, 70), (1, 84, 171), (4, 42, 126)],
        [4, 4, 4, 4]),
  'Opt': (2.5392775924462256,
          [(1, 84, 171), (3, 30, 116), (4, 42, 126), (7, 207, 70)],
          [4, 4, 4, 4]),
  'Random': (1.5516164277519544,
             [(1, 84, 171),
              (2, 277, 156),
              (3, 30, 116),
              (5, 35, 152),
              (6, 46, 258),
              (7, 207, 70)],
             [1, 3, 3, 2, 2, 3])},
 {'A': (2.9501440739865239,
        [(5, 141, 258), (2, 162, 145), (3, 98, 251), (7, 225, 238)],
        [4, 4, 4, 4]),
  'B': (2.9501440739865239,
        [(2, 162, 145), (3, 98, 251), (7, 225, 238), (5, 141, 258)],
        [4, 4, 4, 4]),
  'Opt': (2.9501440739865239,
          [(2, 162, 145), (3, 98, 251), (5, 141, 258), (7, 225, 238)],
          [4, 4, 4, 4]),
  'Random': (1.9780584997763644,
             [(0, 85, 220),
              (2, 162, 145),
              (3, 98, 251),
              (4, 250, 176),
              (5, 141, 258)],
             [3, 4, 1, 1, 4])},
 {'A': (2.8916899726863927,
        [(7, 229, 148), (3, 230, 101), (6, 78, 235), (4, 232, 264)],
        [4, 4, 4, 4]),
  'B': (2.8916899726863927,
        [(6, 78, 235), (3, 230, 101), (4, 232, 264), (7, 229, 148)],
        [4, 4, 4, 4]),
  'Opt': (2.8916899726863927,
          [(3, 230, 101), (4, 232, 264), (6, 78, 235), (7, 229, 148)],
          [4, 4, 4, 4]),
  'Random': (1.9412805820421668,
             [(0, 281, 65),
              (1, 43, 1),
              (2, 109, 258),
              (3, 230, 101),
              (5, 24, 151),
              (6, 78, 235)],
             [4, 2, 2, 3, 3, 2])}]
{'A': 2.6314083632616079,
 'B': 2.5872854831392265,
 'Opt': 2.6314083632616079,
 'Random': 1.70651263720428}
